IQ-TREE version 3.0.1 for MacOS ARM 64-bit built Jul  9 2025
Developed by Bui Quang Minh, Thomas Wong, Nhan Ly-Trong, Huaiyan Ren
Contributed by Lam-Tung Nguyen, Dominik Schrempf, Chris Bielow,
Olga Chernomor, Michael Woodhams, Diep Thi Hoang, Heiko Schmidt

Host:    MacBook-Air-349.local (SSE4.2, 16 GB RAM)
Command: iqtree -s bin_rep_aln.fasta -m GTR+G+I -B 1000 -T AUTO
Seed:    80266 (Using SPRNG - Scalable Parallel Random Number Generator)
Time:    Sat Nov 29 14:52:56 2025
Kernel:  SSE2 - auto-detect threads (8 CPU cores detected)

Reading alignment file bin_rep_aln.fasta ... Fasta format detected
Reading fasta file: done in 0.00542188 secs using 89.29% CPU
Alignment most likely contains DNA/RNA sequences
Constructing alignment: done in 0.00243092 secs using 78.69% CPU
Alignment has 397 sequences with 660 columns, 417 distinct patterns
312 parsimony-informative, 59 singleton sites, 289 constant sites
WARNING: Some sequence names are changed as follows:
BOLD:AAH2814|PLFDE094-20 -> BOLD_AAH2814|PLFDE094-20
BOLD:AAP7012|CRSRC2144-23 -> BOLD_AAP7012|CRSRC2144-23
BOLD:AAP7908|GMPXB7664-23 -> BOLD_AAP7908|GMPXB7664-23
BOLD:AAZ1442|PLECR072-20 -> BOLD_AAZ1442|PLECR072-20
BOLD:ABV4957|PLMAB104-20 -> BOLD_ABV4957|PLMAB104-20
BOLD:ABX1703|CROZA51014-21 -> BOLD_ABX1703|CROZA51014-21
BOLD:ABY7449|CRPEB28736-21 -> BOLD_ABY7449|CRPEB28736-21
BOLD:ABZ8863|SATHA2753-22 -> BOLD_ABZ8863|SATHA2753-22
BOLD:ACE2276|CRATC13202-23 -> BOLD_ACE2276|CRATC13202-23
BOLD:ACF6986|PLBAY011-18 -> BOLD_ACF6986|PLBAY011-18
BOLD:ACF8149|JICCD234-16 -> BOLD_ACF8149|JICCD234-16
BOLD:ACF8273|GMCRC1008-13 -> BOLD_ACF8273|GMCRC1008-13
BOLD:ACF9774|CRCCA8707-23 -> BOLD_ACF9774|CRCCA8707-23
BOLD:ACG0570|PLEDI133-20 -> BOLD_ACG0570|PLEDI133-20
BOLD:ACG4034|ONTB28455-23 -> BOLD_ACG4034|ONTB28455-23
BOLD:ACI4231|GMCRM2607-13 -> BOLD_ACI4231|GMCRM2607-13
BOLD:ACJ2029|GMCRI102-13 -> BOLD_ACJ2029|GMCRI102-13
BOLD:ACJ2858|GMCRJ1430-13 -> BOLD_ACJ2858|GMCRJ1430-13
BOLD:ACJ2864|GMCRJ1434-13 -> BOLD_ACJ2864|GMCRJ1434-13
BOLD:ACJ6657|CRSGA8029-23 -> BOLD_ACJ6657|CRSGA8029-23
BOLD:ACK7388|KMPPJ054-19 -> BOLD_ACK7388|KMPPJ054-19
BOLD:ACK9451|KMPPK027-19 -> BOLD_ACK9451|KMPPK027-19
BOLD:ACL6253|PLAFN008-21 -> BOLD_ACL6253|PLAFN008-21
BOLD:ACP0494|GMCII2057-15 -> BOLD_ACP0494|GMCII2057-15
BOLD:ACP3501|GMCRN3417-13 -> BOLD_ACP3501|GMCRN3417-13
BOLD:ACR5619|GMCDD665-14 -> BOLD_ACR5619|GMCDD665-14
BOLD:ACR5846|GMCEE086-14 -> BOLD_ACR5846|GMCEE086-14
BOLD:ACR7548|GMCGG1352-14 -> BOLD_ACR7548|GMCGG1352-14
BOLD:ACR8138|PLACF022-20 -> BOLD_ACR8138|PLACF022-20
BOLD:ACR8967|CRKAS22764-23 -> BOLD_ACR8967|CRKAS22764-23
BOLD:ACT0436|ONTB31480-23 -> BOLD_ACT0436|ONTB31480-23
BOLD:ACT5480|ONTB11413-23 -> BOLD_ACT5480|ONTB11413-23
BOLD:ACT7111|CRHTA2163-22 -> BOLD_ACT7111|CRHTA2163-22
BOLD:ACT7906|GMACA1039-15 -> BOLD_ACT7906|GMACA1039-15
BOLD:ACV2243|THS074-15 -> BOLD_ACV2243|THS074-15
BOLD:ACW3098|CRTOD5424-23 -> BOLD_ACW3098|CRTOD5424-23
BOLD:ACX0491|SNUDH006-15 -> BOLD_ACX0491|SNUDH006-15
BOLD:ACX0859|SNUDH002-15 -> BOLD_ACX0859|SNUDH002-15
BOLD:ACX0860|SNUDH003-15 -> BOLD_ACX0860|SNUDH003-15
BOLD:ACX7877|CRATC13311-23 -> BOLD_ACX7877|CRATC13311-23
BOLD:ACX8157|PLBAY131-18 -> BOLD_ACX8157|PLBAY131-18
BOLD:ACY2373|GMACX066-15 -> BOLD_ACY2373|GMACX066-15
BOLD:ACY2464|PLADO013-20 -> BOLD_ACY2464|PLADO013-20
BOLD:ACY2552|GMACQ796-15 -> BOLD_ACY2552|GMACQ796-15
BOLD:ACZ8610|GMADI111-16 -> BOLD_ACZ8610|GMADI111-16
BOLD:ADA0628|CRCBC8224-23 -> BOLD_ADA0628|CRCBC8224-23
BOLD:ADA1390|GMAAB225-16 -> BOLD_ADA1390|GMAAB225-16
BOLD:ADA2087|GMADN010-16 -> BOLD_ADA2087|GMADN010-16
BOLD:ADA2155|GMADH081-16 -> BOLD_ADA2155|GMADH081-16
BOLD:ADA2597|CRSGC26275-23 -> BOLD_ADA2597|CRSGC26275-23
BOLD:ADA3010|CRPEB24892-21 -> BOLD_ADA3010|CRPEB24892-21
BOLD:ADA3211|GMAAI014-16 -> BOLD_ADA3211|GMAAI014-16
BOLD:ADA5452|GMAAS678-16 -> BOLD_ADA5452|GMAAS678-16
BOLD:ADA6728|PERMM39438-23 -> BOLD_ADA6728|PERMM39438-23
BOLD:ADA7331|PLLAT176-20 -> BOLD_ADA7331|PLLAT176-20
BOLD:ADA8195|PLUBT496-20 -> BOLD_ADA8195|PLUBT496-20
BOLD:ADA8296|PLABG2859-18 -> BOLD_ADA8296|PLABG2859-18
BOLD:ADA9139|JICED028-16 -> BOLD_ADA9139|JICED028-16
BOLD:ADA9252|PLKCF015-20 -> BOLD_ADA9252|PLKCF015-20
BOLD:ADA9598|PLYAJ544-20 -> BOLD_ADA9598|PLYAJ544-20
BOLD:ADB0362|CRSGC16377-23 -> BOLD_ADB0362|CRSGC16377-23
BOLD:ADB0491|PLGCC052-20 -> BOLD_ADB0491|PLGCC052-20
BOLD:ADB0568|CRSIC9830-23 -> BOLD_ADB0568|CRSIC9830-23
BOLD:ADB0574|PLPBL007-20 -> BOLD_ADB0574|PLPBL007-20
BOLD:ADB0781|PLAAY163-18 -> BOLD_ADB0781|PLAAY163-18
BOLD:ADB0941|PLCDK122-20 -> BOLD_ADB0941|PLCDK122-20
BOLD:ADB0968|PLYAY181-20 -> BOLD_ADB0968|PLYAY181-20
BOLD:ADB1245|PLPDM030-20 -> BOLD_ADB1245|PLPDM030-20
BOLD:ADB1592|PLPDD323-20 -> BOLD_ADB1592|PLPDD323-20
BOLD:ADB1766|CROAD15554-22 -> BOLD_ADB1766|CROAD15554-22
BOLD:ADB2783|PLWAD036-20 -> BOLD_ADB2783|PLWAD036-20
BOLD:ADB2984|JIAAG035-16 -> BOLD_ADB2984|JIAAG035-16
BOLD:ADB3037|PLPBL004-20 -> BOLD_ADB3037|PLPBL004-20
BOLD:ADB4006|ONTB37203-23 -> BOLD_ADB4006|ONTB37203-23
BOLD:ADB4734|PLABF7065-19 -> BOLD_ADB4734|PLABF7065-19
BOLD:ADB5031|JICCH1273-16 -> BOLD_ADB5031|JICCH1273-16
BOLD:ADB5065|PLUBM385-20 -> BOLD_ADB5065|PLUBM385-20
BOLD:ADB5379|CRSGA4426-23 -> BOLD_ADB5379|CRSGA4426-23
BOLD:ADB5380|CRCCC13907-23 -> BOLD_ADB5380|CRCCC13907-23
BOLD:ADB5930|PLEDX014-20 -> BOLD_ADB5930|PLEDX014-20
BOLD:ADB6217|JIEEY056-16 -> BOLD_ADB6217|JIEEY056-16
BOLD:ADB6440|PLZBI018-20 -> BOLD_ADB6440|PLZBI018-20
BOLD:ADB6767|CRPEB14467-21 -> BOLD_ADB6767|CRPEB14467-21
BOLD:ADB6858|JICCL036-16 -> BOLD_ADB6858|JICCL036-16
BOLD:ADB9243|PLEBD636-19 -> BOLD_ADB9243|PLEBD636-19
BOLD:ADC0300|PLJBK118-20 -> BOLD_ADC0300|PLJBK118-20
BOLD:ADC7780|JICCJ045-16 -> BOLD_ADC7780|JICCJ045-16
BOLD:ADC8794|ONTB39047-23 -> BOLD_ADC8794|ONTB39047-23
BOLD:ADD5870|JIGGB050-16 -> BOLD_ADD5870|JIGGB050-16
BOLD:ADE9304|PERMM22066-23 -> BOLD_ADE9304|PERMM22066-23
BOLD:ADF2610|GMCDB1224-16 -> BOLD_ADF2610|GMCDB1224-16
BOLD:ADF3136|CRSEA10198-23 -> BOLD_ADF3136|CRSEA10198-23
BOLD:ADF3177|CRATA33716-22 -> BOLD_ADF3177|CRATA33716-22
BOLD:ADF3374|CRCCC13457-23 -> BOLD_ADF3374|CRCCC13457-23
BOLD:ADF3621|CRSCA27292-24 -> BOLD_ADF3621|CRSCA27292-24
BOLD:ADF3648|CRALC12350-21 -> BOLD_ADF3648|CRALC12350-21
BOLD:ADF4027|CRCCC13558-23 -> BOLD_ADF4027|CRCCC13558-23
BOLD:ADF4412|GMCEC52493-21 -> BOLD_ADF4412|GMCEC52493-21
BOLD:ADF4829|CRBOB24574-23 -> BOLD_ADF4829|CRBOB24574-23
BOLD:ADF5210|GMCEC078-21 -> BOLD_ADF5210|GMCEC078-21
BOLD:ADF5914|CRCCB10266-23 -> BOLD_ADF5914|CRCCB10266-23
BOLD:ADF6436|CRSEA13213-23 -> BOLD_ADF6436|CRSEA13213-23
BOLD:ADF8185|CRATB5148-22 -> BOLD_ADF8185|CRATB5148-22
BOLD:ADF8363|CRCCC15043-23 -> BOLD_ADF8363|CRCCC15043-23
BOLD:ADH5644|CRSGA8915-23 -> BOLD_ADH5644|CRSGA8915-23
BOLD:ADH6741|KMPPB008-18 -> BOLD_ADH6741|KMPPB008-18
BOLD:ADJ9125|CRCCB20138-23 -> BOLD_ADJ9125|CRCCB20138-23
BOLD:ADL4241|SENTO1011-18 -> BOLD_ADL4241|SENTO1011-18
BOLD:ADL7288|GMCCM002-18 -> BOLD_ADL7288|GMCCM002-18
BOLD:ADL8971|CRCED19618-23 -> BOLD_ADL8971|CRCED19618-23
BOLD:ADN5070|SICOA135-18 -> BOLD_ADN5070|SICOA135-18
BOLD:ADO5437|KMPPA094-18 -> BOLD_ADO5437|KMPPA094-18
BOLD:ADO6953|KMPPL022-19 -> BOLD_ADO6953|KMPPL022-19
BOLD:ADO7150|CRBOE35663-23 -> BOLD_ADO7150|CRBOE35663-23
BOLD:ADO8982|CROAD15438-22 -> BOLD_ADO8982|CROAD15438-22
BOLD:ADP1177|SICOA1355-18 -> BOLD_ADP1177|SICOA1355-18
BOLD:ADP2010|SICOA1149-18 -> BOLD_ADP2010|SICOA1149-18
BOLD:ADP2761|SICOA696-18 -> BOLD_ADP2761|SICOA696-18
BOLD:ADP3370|SICOA704-18 -> BOLD_ADP3370|SICOA704-18
BOLD:ADP3371|SICOA703-18 -> BOLD_ADP3371|SICOA703-18
BOLD:ADP4382|SICOA373-18 -> BOLD_ADP4382|SICOA373-18
BOLD:ADS2574|KMPPB006-18 -> BOLD_ADS2574|KMPPB006-18
BOLD:ADS4611|KMPPL021-19 -> BOLD_ADS4611|KMPPL021-19
BOLD:ADT1402|KMPPL023-19 -> BOLD_ADT1402|KMPPL023-19
BOLD:ADT8381|GMPMA2755-18 -> BOLD_ADT8381|GMPMA2755-18
BOLD:ADU0022|GMPMY147-18 -> BOLD_ADU0022|GMPMY147-18
BOLD:ADU4051|GMPXA342-23 -> BOLD_ADU4051|GMPXA342-23
BOLD:ADU5565|CRATC36914-23 -> BOLD_ADU5565|CRATC36914-23
BOLD:ADU9610|SATHA24210-23 -> BOLD_ADU9610|SATHA24210-23
BOLD:ADV4397|GMPMA010-18 -> BOLD_ADV4397|GMPMA010-18
BOLD:ADW7615|KMPSJ644-19 -> BOLD_ADW7615|KMPSJ644-19
BOLD:ADX4080|GMPMY677-18 -> BOLD_ADX4080|GMPMY677-18
BOLD:ADX8925|KMPNI964-19 -> BOLD_ADX8925|KMPNI964-19
BOLD:ADX9405|KMPPJ055-19 -> BOLD_ADX9405|KMPPJ055-19
BOLD:ADY2756|PLECJ3637-20 -> BOLD_ADY2756|PLECJ3637-20
BOLD:ADY2839|KMPZG1104-19 -> BOLD_ADY2839|KMPZG1104-19
BOLD:ADY3630|KMPNO065-19 -> BOLD_ADY3630|KMPNO065-19
BOLD:ADY5016|SICOA742-18 -> BOLD_ADY5016|SICOA742-18
BOLD:ADY7222|KMPQK019-19 -> BOLD_ADY7222|KMPQK019-19
BOLD:ADY8764|PLACV023-20 -> BOLD_ADY8764|PLACV023-20
BOLD:ADZ1397|KMPQP408-19 -> BOLD_ADZ1397|KMPQP408-19
BOLD:ADZ2863|KMPOT025-19 -> BOLD_ADZ2863|KMPOT025-19
BOLD:ADZ4081|KMPNU1306-19 -> BOLD_ADZ4081|KMPNU1306-19
BOLD:ADZ4619|KMPRS212-19 -> BOLD_ADZ4619|KMPRS212-19
BOLD:ADZ5607|KMPSP2655-19 -> BOLD_ADZ5607|KMPSP2655-19
BOLD:ADZ7620|KMPNP1757-19 -> BOLD_ADZ7620|KMPNP1757-19
BOLD:ADZ7717|KMPSZ031-19 -> BOLD_ADZ7717|KMPSZ031-19
BOLD:AEA0377|KMPOU141-19 -> BOLD_AEA0377|KMPOU141-19
BOLD:AEA1169|KMPRR082-19 -> BOLD_AEA1169|KMPRR082-19
BOLD:AEB1624|PLEBK030-19 -> BOLD_AEB1624|PLEBK030-19
BOLD:AEB2761|CRBOB32194-23 -> BOLD_AEB2761|CRBOB32194-23
BOLD:AEB3196|CRSGC10356-23 -> BOLD_AEB3196|CRSGC10356-23
BOLD:AEB5092|PLCBE006-19 -> BOLD_AEB5092|PLCBE006-19
BOLD:AEB7010|PERMM7607-23 -> BOLD_AEB7010|PERMM7607-23
BOLD:AEB8558|CRSCA32241-24 -> BOLD_AEB8558|CRSCA32241-24
BOLD:AEB8661|PLGCQ038-20 -> BOLD_AEB8661|PLGCQ038-20
BOLD:AEC0523|PLVBA645-20 -> BOLD_AEC0523|PLVBA645-20
BOLD:AEC7859|GMCNA16034-21 -> BOLD_AEC7859|GMCNA16034-21
BOLD:AEC8257|PLJBF002-20 -> BOLD_AEC8257|PLJBF002-20
BOLD:AEC9377|CRCBC39354-23 -> BOLD_AEC9377|CRCBC39354-23
BOLD:AED0219|PLKDB001-20 -> BOLD_AED0219|PLKDB001-20
BOLD:AED5968|PLPBO058-20 -> BOLD_AED5968|PLPBO058-20
BOLD:AED7090|CRCEA5853-21 -> BOLD_AED7090|CRCEA5853-21
BOLD:AEE2199|GMCRN233-13 -> BOLD_AEE2199|GMCRN233-13
BOLD:AEE2543|CRBAF6720-22 -> BOLD_AEE2543|CRBAF6720-22
BOLD:AEE3500|PLZAC050-20 -> BOLD_AEE3500|PLZAC050-20
BOLD:AEE3682|PLWAY036-20 -> BOLD_AEE3682|PLWAY036-20
BOLD:AEE4735|PLXBA830-20 -> BOLD_AEE4735|PLXBA830-20
BOLD:AEE5489|CRSRC5875-23 -> BOLD_AEE5489|CRSRC5875-23
BOLD:AEE7013|PLUBC808-20 -> BOLD_AEE7013|PLUBC808-20
BOLD:AEE7916|PLSAY131-20 -> BOLD_AEE7916|PLSAY131-20
BOLD:AEE8055|PLWBC148-20 -> BOLD_AEE8055|PLWBC148-20
BOLD:AEF0362|CRCCE7264-23 -> BOLD_AEF0362|CRCCE7264-23
BOLD:AEF2730|CRBLA456-22 -> BOLD_AEF2730|CRBLA456-22
BOLD:AEF3570|PLYAG041-20 -> BOLD_AEF3570|PLYAG041-20
BOLD:AEF4689|PLEDN975-20 -> BOLD_AEF4689|PLEDN975-20
BOLD:AEF5528|CRBOE35688-23 -> BOLD_AEF5528|CRBOE35688-23
BOLD:AEF5648|PLECH2986-20 -> BOLD_AEF5648|PLECH2986-20
BOLD:AEF5671|PLECI2751-20 -> BOLD_AEF5671|PLECI2751-20
BOLD:AEF6983|PLECN2020-20 -> BOLD_AEF6983|PLECN2020-20
BOLD:AEF8855|PLJCQ002-20 -> BOLD_AEF8855|PLJCQ002-20
BOLD:AEF8899|PLYDG363-21 -> BOLD_AEF8899|PLYDG363-21
BOLD:AEF8997|PLEDD1109-20 -> BOLD_AEF8997|PLEDD1109-20
BOLD:AEF9118|CRTRC1599-23 -> BOLD_AEF9118|CRTRC1599-23
BOLD:AEF9655|PLQDD012-20 -> BOLD_AEF9655|PLQDD012-20
BOLD:AEG2775|CRSGA8055-23 -> BOLD_AEG2775|CRSGA8055-23
BOLD:AEG3693|CRSGA1380-23 -> BOLD_AEG3693|CRSGA1380-23
BOLD:AEG5167|PLRDK005-20 -> BOLD_AEG5167|PLRDK005-20
BOLD:AEH1132|PLPDD075-20 -> BOLD_AEH1132|PLPDD075-20
BOLD:AEH1821|PLPDD061-20 -> BOLD_AEH1821|PLPDD061-20
BOLD:AEH2231|CRSGC9362-23 -> BOLD_AEH2231|CRSGC9362-23
BOLD:AEH2816|PLPDD391-20 -> BOLD_AEH2816|PLPDD391-20
BOLD:AEH2864|PLPDM025-20 -> BOLD_AEH2864|PLPDM025-20
BOLD:AEH3735|PLDAO072-19 -> BOLD_AEH3735|PLDAO072-19
BOLD:AEH4845|GMCRJ864-13 -> BOLD_AEH4845|GMCRJ864-13
BOLD:AEH5177|PLYDA016-20 -> BOLD_AEH5177|PLYDA016-20
BOLD:AEH5178|PLCEN006-20 -> BOLD_AEH5178|PLCEN006-20
BOLD:AEH5681|CRPSA5525-22 -> BOLD_AEH5681|CRPSA5525-22
BOLD:AEI2357|SICOA698-18 -> BOLD_AEI2357|SICOA698-18
BOLD:AEI2542|PLAEX064-21 -> BOLD_AEI2542|PLAEX064-21
BOLD:AEI2903|PLVDE066-20 -> BOLD_AEI2903|PLVDE066-20
BOLD:AEI8318|PLAEO159-21 -> BOLD_AEI8318|PLAEO159-21
BOLD:AEJ0517|CROZA4103-21 -> BOLD_AEJ0517|CROZA4103-21
BOLD:AEJ0640|CROZA6231-21 -> BOLD_AEJ0640|CROZA6231-21
BOLD:AEJ2812|CRSIC4179-23 -> BOLD_AEJ2812|CRSIC4179-23
BOLD:AEJ2914|CROAB44480-21 -> BOLD_AEJ2914|CROAB44480-21
BOLD:AEJ7929|PLZAK554-20 -> BOLD_AEJ7929|PLZAK554-20
BOLD:AEJ8669|PLDCJ015-20 -> BOLD_AEJ8669|PLDCJ015-20
BOLD:AEK1382|PLAFH036-21 -> BOLD_AEK1382|PLAFH036-21
BOLD:AEK2195|PERMM7800-23 -> BOLD_AEK2195|PERMM7800-23
BOLD:AEK2910|CROZA50320-21 -> BOLD_AEK2910|CROZA50320-21
BOLD:AEK7179|CROAB26175-21 -> BOLD_AEK7179|CROAB26175-21
BOLD:AEK7720|CROAB32681-21 -> BOLD_AEK7720|CROAB32681-21
BOLD:AEL0677|CROZA25288-21 -> BOLD_AEL0677|CROZA25288-21
BOLD:AEL4583|CROZA25363-21 -> BOLD_AEL4583|CROZA25363-21
BOLD:AEL7060|CRSIC4269-23 -> BOLD_AEL7060|CRSIC4269-23
BOLD:AEL8086|CROAB13952-21 -> BOLD_AEL8086|CROAB13952-21
BOLD:AEL8511|CROAB48790-21 -> BOLD_AEL8511|CROAB48790-21
BOLD:AEL8683|CROAC5295-21 -> BOLD_AEL8683|CROAC5295-21
BOLD:AEL9836|CROCA13664-21 -> BOLD_AEL9836|CROCA13664-21
BOLD:AEM0885|CROAD47628-22 -> BOLD_AEM0885|CROAD47628-22
BOLD:AEM0916|CROAE9674-23 -> BOLD_AEM0916|CROAE9674-23
BOLD:AEM1024|CROAB30190-21 -> BOLD_AEM1024|CROAB30190-21
BOLD:AEM1321|GMCNA5648-21 -> BOLD_AEM1321|GMCNA5648-21
BOLD:AEM1555|CRALB44487-21 -> BOLD_AEM1555|CRALB44487-21
BOLD:AEM2115|CROCA13463-21 -> BOLD_AEM2115|CROCA13463-21
BOLD:AEM2180|CRKAS24375-23 -> BOLD_AEM2180|CRKAS24375-23
BOLD:AEM3302|CROZA45347-21 -> BOLD_AEM3302|CROZA45347-21
BOLD:AEM3422|CROAB007-21 -> BOLD_AEM3422|CROAB007-21
BOLD:AEM5619|CRALA41692-21 -> BOLD_AEM5619|CRALA41692-21
BOLD:AEM5621|ONTB40639-23 -> BOLD_AEM5621|ONTB40639-23
BOLD:AEM6924|CRCBC36273-23 -> BOLD_AEM6924|CRCBC36273-23
BOLD:AEM7762|GMCEC11530-21 -> BOLD_AEM7762|GMCEC11530-21
BOLD:AEM8275|CRALA15753-21 -> BOLD_AEM8275|CRALA15753-21
BOLD:AEM9551|CRALA38952-21 -> BOLD_AEM9551|CRALA38952-21
BOLD:AEN0322|CRALA41734-21 -> BOLD_AEN0322|CRALA41734-21
BOLD:AEN2636|ONTB18022-23 -> BOLD_AEN2636|ONTB18022-23
BOLD:AEN2996|CRALA6173-21 -> BOLD_AEN2996|CRALA6173-21
BOLD:AEN4008|CRATC2582-23 -> BOLD_AEN4008|CRATC2582-23
BOLD:AEN9063|CRATC19634-23 -> BOLD_AEN9063|CRATC19634-23
BOLD:AEO1826|CRICB15142-22 -> BOLD_AEO1826|CRICB15142-22
BOLD:AEO2624|CRSRD16891-24 -> BOLD_AEO2624|CRSRD16891-24
BOLD:AEO2947|CRTRA36603-22 -> BOLD_AEO2947|CRTRA36603-22
BOLD:AEO3801|CRTOA7828-21 -> BOLD_AEO3801|CRTOA7828-21
BOLD:AEO4904|CRTOD16712-23 -> BOLD_AEO4904|CRTOD16712-23
BOLD:AEO6003|CRALB39733-21 -> BOLD_AEO6003|CRALB39733-21
BOLD:AEQ7671|CRPEA28078-21 -> BOLD_AEQ7671|CRPEA28078-21
BOLD:AEQ7676|CRATB13462-23 -> BOLD_AEQ7676|CRATB13462-23
BOLD:AEQ7769|ONTB10388-23 -> BOLD_AEQ7769|ONTB10388-23
BOLD:AEQ7818|CRBLD11161-23 -> BOLD_AEQ7818|CRBLD11161-23
BOLD:AEQ8018|CRBAD5980-23 -> BOLD_AEQ8018|CRBAD5980-23
BOLD:AEQ8033|CRALC2071-21 -> BOLD_AEQ8033|CRALC2071-21
BOLD:AEQ8070|CRATC36611-23 -> BOLD_AEQ8070|CRATC36611-23
BOLD:AEQ8106|CROCB3606-22 -> BOLD_AEQ8106|CROCB3606-22
BOLD:AEQ8165|CRBOB25139-23 -> BOLD_AEQ8165|CRBOB25139-23
BOLD:AEQ8236|CRQUB32941-22 -> BOLD_AEQ8236|CRQUB32941-22
BOLD:AEQ8378|CRALC15809-21 -> BOLD_AEQ8378|CRALC15809-21
BOLD:AEQ8424|CRSIA5109-21 -> BOLD_AEQ8424|CRSIA5109-21
BOLD:AEQ8958|CRSIA4138-21 -> BOLD_AEQ8958|CRSIA4138-21
BOLD:AEQ9230|CRTOA29797-21 -> BOLD_AEQ9230|CRTOA29797-21
BOLD:AEQ9379|CRTOA8807-21 -> BOLD_AEQ9379|CRTOA8807-21
BOLD:AEQ9501|CRALC6885-21 -> BOLD_AEQ9501|CRALC6885-21
BOLD:AEQ9557|CRBLB42604-22 -> BOLD_AEQ9557|CRBLB42604-22
BOLD:AEQ9562|CRSIA13627-21 -> BOLD_AEQ9562|CRSIA13627-21
BOLD:AEQ9577|CRBOB32189-23 -> BOLD_AEQ9577|CRBOB32189-23
BOLD:AEQ9658|CRSRA26005-22 -> BOLD_AEQ9658|CRSRA26005-22
BOLD:AEQ9707|CRCEA32127-22 -> BOLD_AEQ9707|CRCEA32127-22
BOLD:AEQ9738|CRPEA16859-21 -> BOLD_AEQ9738|CRPEA16859-21
BOLD:AEQ9766|CRSRD18810-24 -> BOLD_AEQ9766|CRSRD18810-24
BOLD:AEQ9819|CRALD4395-23 -> BOLD_AEQ9819|CRALD4395-23
BOLD:AEQ9846|CRPEC24454-21 -> BOLD_AEQ9846|CRPEC24454-21
BOLD:AEQ9875|CRQUC18716-23 -> BOLD_AEQ9875|CRQUC18716-23
BOLD:AER1632|CRALC13432-21 -> BOLD_AER1632|CRALC13432-21
BOLD:AER6344|CRTOB44404-22 -> BOLD_AER6344|CRTOB44404-22
BOLD:AER7158|CRTOA44029-22 -> BOLD_AER7158|CRTOA44029-22
BOLD:AER8938|CRSIA40238-22 -> BOLD_AER8938|CRSIA40238-22
BOLD:AER9293|CRSIA36327-22 -> BOLD_AER9293|CRSIA36327-22
BOLD:AER9841|CRBAD5104-23 -> BOLD_AER9841|CRBAD5104-23
BOLD:AES3911|CRQZA14284-22 -> BOLD_AES3911|CRQZA14284-22
BOLD:AES5603|CRSIA25367-22 -> BOLD_AES5603|CRSIA25367-22
BOLD:AET0380|CRSGA2008-23 -> BOLD_AET0380|CRSGA2008-23
BOLD:AET0997|CRBLA28197-22 -> BOLD_AET0997|CRBLA28197-22
BOLD:AET1938|CRPED13709-21 -> BOLD_AET1938|CRPED13709-21
BOLD:AET2465|CRSIA31109-22 -> BOLD_AET2465|CRSIA31109-22
BOLD:AET2797|CRQZA9713-22 -> BOLD_AET2797|CRQZA9713-22
BOLD:AET3208|ONTB10235-23 -> BOLD_AET3208|ONTB10235-23
BOLD:AET4122|CRCEB32755-22 -> BOLD_AET4122|CRCEB32755-22
BOLD:AEU8903|CRQZB3945-22 -> BOLD_AEU8903|CRQZB3945-22
BOLD:AEU9635|SATHA2752-22 -> BOLD_AEU9635|SATHA2752-22
BOLD:AEV6892|CRSRA31936-22 -> BOLD_AEV6892|CRSRA31936-22
BOLD:AEV9202|CRCED10893-23 -> BOLD_AEV9202|CRCED10893-23
BOLD:AEW5323|CRATA17909-22 -> BOLD_AEW5323|CRATA17909-22
BOLD:AEX0511|CRHYA33693-22 -> BOLD_AEX0511|CRHYA33693-22
BOLD:AEX5274|CRHYA28610-22 -> BOLD_AEX5274|CRHYA28610-22
BOLD:AEX7326|CRALC20559-21 -> BOLD_AEX7326|CRALC20559-21
BOLD:AEX8204|CRCBC19886-23 -> BOLD_AEX8204|CRCBC19886-23
BOLD:AEX9627|CRATC2477-23 -> BOLD_AEX9627|CRATC2477-23
BOLD:AEY3926|CRBLB12998-22 -> BOLD_AEY3926|CRBLB12998-22
BOLD:AEY4992|CRSGC10391-23 -> BOLD_AEY4992|CRSGC10391-23
BOLD:AEY7663|CRATA25087-22 -> BOLD_AEY7663|CRATA25087-22
BOLD:AEZ1919|ONTA28107-23 -> BOLD_AEZ1919|ONTA28107-23
BOLD:AEZ3588|CRPSA3682-22 -> BOLD_AEZ3588|CRPSA3682-22
BOLD:AEZ3898|CRPSA7964-22 -> BOLD_AEZ3898|CRPSA7964-22
BOLD:AEZ5170|CRBOB805-23 -> BOLD_AEZ5170|CRBOB805-23
BOLD:AEZ6729|CRHYB8104-22 -> BOLD_AEZ6729|CRHYB8104-22
BOLD:AEZ7527|CRCBD29887-23 -> BOLD_AEZ7527|CRCBD29887-23
BOLD:AFB3037|CRATA19533-22 -> BOLD_AFB3037|CRATA19533-22
BOLD:AFC0074|PLFEA006-21 -> BOLD_AFC0074|PLFEA006-21
BOLD:AFC9300|PLRDG028-20 -> BOLD_AFC9300|PLRDG028-20
BOLD:AFD2308|PLCEF003-20 -> BOLD_AFD2308|PLCEF003-20
BOLD:AFE0997|PERMM822-23 -> BOLD_AFE0997|PERMM822-23
BOLD:AFE1647|PERMM39420-23 -> BOLD_AFE1647|PERMM39420-23
BOLD:AFE1726|PERMM24200-23 -> BOLD_AFE1726|PERMM24200-23
BOLD:AFE3259|PERMM19373-23 -> BOLD_AFE3259|PERMM19373-23
BOLD:AFE6482|PERMM19441-23 -> BOLD_AFE6482|PERMM19441-23
BOLD:AFE7455|PERMM19394-23 -> BOLD_AFE7455|PERMM19394-23
BOLD:AFE7959|PERMM2495-23 -> BOLD_AFE7959|PERMM2495-23
BOLD:AFE8933|PERMM23022-23 -> BOLD_AFE8933|PERMM23022-23
BOLD:AFF1113|PERMM26398-23 -> BOLD_AFF1113|PERMM26398-23
BOLD:AFF1279|CRBOA29922-23 -> BOLD_AFF1279|CRBOA29922-23
BOLD:AFF1676|PERMM1438-23 -> BOLD_AFF1676|PERMM1438-23
BOLD:AFF1827|PERMM1385-23 -> BOLD_AFF1827|PERMM1385-23
BOLD:AFF5339|PERMM7222-23 -> BOLD_AFF5339|PERMM7222-23
BOLD:AFF5566|CRBOA52093-23 -> BOLD_AFF5566|CRBOA52093-23
BOLD:AFF5682|PERMM7608-23 -> BOLD_AFF5682|PERMM7608-23
BOLD:AFF9479|PERMM7586-23 -> BOLD_AFF9479|PERMM7586-23
BOLD:AFF9764|PERMM13550-23 -> BOLD_AFF9764|PERMM13550-23
BOLD:AFG3011|PERMM39243-23 -> BOLD_AFG3011|PERMM39243-23
BOLD:AFG4778|PERMM39244-23 -> BOLD_AFG4778|PERMM39244-23
BOLD:AFH1806|CRCBD18142-23 -> BOLD_AFH1806|CRCBD18142-23
BOLD:AFH1908|CRCBA46676-23 -> BOLD_AFH1908|CRCBA46676-23
BOLD:AFH4256|CRCCB14053-23 -> BOLD_AFH4256|CRCCB14053-23
BOLD:AFH4874|PERMM19275-23 -> BOLD_AFH4874|PERMM19275-23
BOLD:AFH4990|CRSAA25496-24 -> BOLD_AFH4990|CRSAA25496-24
BOLD:AFH5121|PERMM18361-23 -> BOLD_AFH5121|PERMM18361-23
BOLD:AFH5247|CRBAF7142-22 -> BOLD_AFH5247|CRBAF7142-22
BOLD:AFH5248|CRBAF7141-22 -> BOLD_AFH5248|CRBAF7141-22
BOLD:AFH5975|CRCCC13361-23 -> BOLD_AFH5975|CRCCC13361-23
BOLD:AFH6458|PERMM12938-23 -> BOLD_AFH6458|PERMM12938-23
BOLD:AFH7132|CRSRC9187-23 -> BOLD_AFH7132|CRSRC9187-23
BOLD:AFH7312|CRSCA32265-24 -> BOLD_AFH7312|CRSCA32265-24
BOLD:AFH8218|CRKAS21582-23 -> BOLD_AFH8218|CRKAS21582-23
BOLD:AFI2846|PERMM18582-23 -> BOLD_AFI2846|PERMM18582-23
BOLD:AFI3533|CRKAS21141-23 -> BOLD_AFI3533|CRKAS21141-23
BOLD:AFI4176|CRKAT2414-23 -> BOLD_AFI4176|CRKAT2414-23
BOLD:AFI5487|CRCBC27388-23 -> BOLD_AFI5487|CRCBC27388-23
BOLD:AFI5905|PERMM12957-23 -> BOLD_AFI5905|PERMM12957-23
BOLD:AFI6585|SATHA16033-23 -> BOLD_AFI6585|SATHA16033-23
BOLD:AFI6753|CRCBB10512-23 -> BOLD_AFI6753|CRCBB10512-23
BOLD:AFJ4996|SATHA26939-23 -> BOLD_AFJ4996|SATHA26939-23
BOLD:AFL3687|CRCED2316-23 -> BOLD_AFL3687|CRCED2316-23
BOLD:AFL3814|SATHB9874-23 -> BOLD_AFL3814|SATHB9874-23
BOLD:AFN3394|PERMM29918-23 -> BOLD_AFN3394|PERMM29918-23
BOLD:AFN4179|GMPXA9021-23 -> BOLD_AFN4179|GMPXA9021-23
BOLD:AFN4719|PERMM20724-23 -> BOLD_AFN4719|PERMM20724-23
BOLD:AFN6043|PERMM20725-23 -> BOLD_AFN6043|PERMM20725-23
BOLD:AFN6130|PERMM20059-23 -> BOLD_AFN6130|PERMM20059-23
BOLD:AFN6263|PERMM19832-23 -> BOLD_AFN6263|PERMM19832-23
BOLD:AFN8732|PERMM33343-23 -> BOLD_AFN8732|PERMM33343-23
BOLD:AFN8799|PERMM20600-23 -> BOLD_AFN8799|PERMM20600-23
BOLD:AFN9929|PERMM25258-23 -> BOLD_AFN9929|PERMM25258-23
BOLD:AFO2493|PERMM20075-23 -> BOLD_AFO2493|PERMM20075-23
BOLD:AFO5642|PERMM22893-23 -> BOLD_AFO5642|PERMM22893-23
BOLD:AFO9127|CRCCA21248-23 -> BOLD_AFO9127|CRCCA21248-23
BOLD:AFP1304|PERMM33145-23 -> BOLD_AFP1304|PERMM33145-23
BOLD:AFP3372|ONTA28808-23 -> BOLD_AFP3372|ONTA28808-23
BOLD:AFP6813|CRSEA4707-23 -> BOLD_AFP6813|CRSEA4707-23
BOLD:AFP7329|PERMM24072-23 -> BOLD_AFP7329|PERMM24072-23
BOLD:AFP7751|PERMM20727-23 -> BOLD_AFP7751|PERMM20727-23
BOLD:AFQ1156|PERMM20837-23 -> BOLD_AFQ1156|PERMM20837-23
BOLD:AFV5605|CRATA38421-22 -> BOLD_AFV5605|CRATA38421-22
BOLD:AFY6919|CRQUC19657-23 -> BOLD_AFY6919|CRQUC19657-23
BOLD:AFZ8382|CRCBC39733-23 -> BOLD_AFZ8382|CRCBC39733-23
BOLD:AFZ8757|CRALD2110-23 -> BOLD_AFZ8757|CRALD2110-23
BOLD:AFZ8780|CRSGB6865-23 -> BOLD_AFZ8780|CRSGB6865-23
BOLD:AFZ8923|CRCCC1881-23 -> BOLD_AFZ8923|CRCCC1881-23
BOLD:AGA0670|CRATC26770-23 -> BOLD_AGA0670|CRATC26770-23
BOLD:AGA0837|CRBOE35642-23 -> BOLD_AGA0837|CRBOE35642-23
BOLD:AGA0902|CRCBD42040-23 -> BOLD_AGA0902|CRCBD42040-23
BOLD:AGA0914|CRBAD5116-23 -> BOLD_AGA0914|CRBAD5116-23
BOLD:AGA4455|CRTOD18259-23 -> BOLD_AGA4455|CRTOD18259-23
BOLD:AGA4457|CRSRD508-23 -> BOLD_AGA4457|CRSRD508-23
BOLD:AGA4459|CRSRD1079-23 -> BOLD_AGA4459|CRSRD1079-23
BOLD:AGA4460|CRTOD18289-23 -> BOLD_AGA4460|CRTOD18289-23
BOLD:AGA4462|CRCBB37902-23 -> BOLD_AGA4462|CRCBB37902-23
BOLD:AGA4470|CRSEA10693-23 -> BOLD_AGA4470|CRSEA10693-23
BOLD:AGA4471|CRQZC6858-23 -> BOLD_AGA4471|CRQZC6858-23
BOLD:AGA7370|CRSAA3419-21 -> BOLD_AGA7370|CRSAA3419-21
BOLD:AGA8716|CRSRD10242-23 -> BOLD_AGA8716|CRSRD10242-23
BOLD:AGA8832|CRCCE15888-23 -> BOLD_AGA8832|CRCCE15888-23
BOLD:AGA9906|CRATC37408-23 -> BOLD_AGA9906|CRATC37408-23
BOLD:AGA9910|CRSEA3904-23 -> BOLD_AGA9910|CRSEA3904-23
BOLD:AGA9911|CRSGA2866-23 -> BOLD_AGA9911|CRSGA2866-23
BOLD:AGC4831|CRATC33103-23 -> BOLD_AGC4831|CRATC33103-23
BOLD:AGC4832|ONTB17940-23 -> BOLD_AGC4832|ONTB17940-23
BOLD:AGC4833|CRCCB10295-23 -> BOLD_AGC4833|CRCCB10295-23
BOLD:AGE9084|CRSGC10358-23 -> BOLD_AGE9084|CRSGC10358-23

                            Gap/Ambiguity  Composition  p-value
Analyzing sequences: done in 0.000153065 secs using 308.4% CPU
   1  BOLD_AAH2814|PLFDE094-20      1.21%    passed     61.41%
   2  BOLD_AAP7012|CRSRC2144-23     1.21%    passed     62.66%
   3  BOLD_AAP7908|GMPXB7664-23     1.21%    passed     80.26%
   4  BOLD_AAZ1442|PLECR072-20      1.21%    passed     98.79%
   5  BOLD_ABV4957|PLMAB104-20      1.21%    passed     65.16%
   6  BOLD_ABX1703|CROZA51014-21    1.21%    passed     70.82%
   7  BOLD_ABY7449|CRPEB28736-21    2.88%    passed     98.90%
   8  BOLD_ABZ8863|SATHA2753-22     1.21%    passed     85.87%
   9  BOLD_ACE2276|CRATC13202-23    1.21%    passed     99.45%
  10  BOLD_ACF6986|PLBAY011-18      1.21%    passed     75.97%
  11  BOLD_ACF8149|JICCD234-16     13.03%    passed     87.58%
  12  BOLD_ACF8273|GMCRC1008-13     4.55%    passed     94.83%
  13  BOLD_ACF9774|CRCCA8707-23     1.21%    passed     96.14%
  14  BOLD_ACG0570|PLEDI133-20      1.21%    passed     99.91%
  15  BOLD_ACG4034|ONTB28455-23     1.21%    passed     89.43%
  16  BOLD_ACI4231|GMCRM2607-13    11.21%    passed     98.22%
  17  BOLD_ACJ2029|GMCRI102-13      1.21%    passed     85.50%
  18  BOLD_ACJ2858|GMCRJ1430-13     4.70%    passed     25.88%
  19  BOLD_ACJ2864|GMCRJ1434-13     4.70%    passed     36.43%
  20  BOLD_ACJ6657|CRSGA8029-23     1.21%    passed     85.54%
  21  BOLD_ACK7388|KMPPJ054-19      1.36%    passed     76.06%
  22  BOLD_ACK9451|KMPPK027-19      1.36%    passed     83.07%
  23  BOLD_ACL6253|PLAFN008-21      1.21%    passed     57.01%
  24  BOLD_ACP0494|GMCII2057-15    14.85%    passed     39.16%
  25  BOLD_ACP3501|GMCRN3417-13     1.21%    passed     84.62%
  26  BOLD_ACR5619|GMCDD665-14     14.85%    passed     87.50%
  27  BOLD_ACR5846|GMCEE086-14     14.09%    passed     45.75%
  28  BOLD_ACR7548|GMCGG1352-14     5.45%    passed     54.39%
  29  BOLD_ACR8138|PLACF022-20      1.21%    passed     96.98%
  30  BOLD_ACR8967|CRKAS22764-23    1.21%    passed     99.20%
  31  BOLD_ACT0436|ONTB31480-23     1.21%    passed     61.55%
  32  BOLD_ACT5480|ONTB11413-23     1.21%    passed     97.30%
  33  BOLD_ACT7111|CRHTA2163-22     1.21%    passed     45.87%
  34  BOLD_ACT7906|GMACA1039-15    12.27%    passed     98.09%
  35  BOLD_ACV2243|THS074-15        1.21%    passed     63.52%
  36  BOLD_ACW3098|CRTOD5424-23     1.21%    passed     86.61%
  37  BOLD_ACX0491|SNUDH006-15      1.21%    passed     73.53%
  38  BOLD_ACX0859|SNUDH002-15      1.21%    passed     87.80%
  39  BOLD_ACX0860|SNUDH003-15      1.21%    passed     78.48%
  40  BOLD_ACX7877|CRATC13311-23    1.21%    passed    100.00%
  41  BOLD_ACX8157|PLBAY131-18      1.36%    passed     72.80%
  42  BOLD_ACY2373|GMACX066-15     13.18%    passed     39.85%
  43  BOLD_ACY2464|PLADO013-20      1.36%    passed     29.47%
  44  BOLD_ACY2552|GMACQ796-15     11.67%    passed     19.41%
  45  BOLD_ACZ8610|GMADI111-16     20.45%    passed     59.68%
  46  BOLD_ADA0628|CRCBC8224-23     1.21%    passed     63.75%
  47  BOLD_ADA1390|GMAAB225-16      9.39%    passed     95.03%
  48  BOLD_ADA2087|GMADN010-16     11.21%    passed     99.44%
  49  BOLD_ADA2155|GMADH081-16     13.03%    passed     24.55%
  50  BOLD_ADA2597|CRSGC26275-23    1.21%    passed     78.40%
  51  BOLD_ADA3010|CRPEB24892-21    1.21%    passed     73.86%
  52  BOLD_ADA3211|GMAAI014-16     10.76%    passed     49.65%
  53  BOLD_ADA5452|GMAAS678-16     11.21%    passed     89.08%
  54  BOLD_ADA6728|PERMM39438-23    1.21%    passed     81.93%
  55  BOLD_ADA7331|PLLAT176-20      1.21%    passed     42.11%
  56  BOLD_ADA8195|PLUBT496-20      1.21%    passed     89.32%
  57  BOLD_ADA8296|PLABG2859-18     1.36%    passed     95.53%
  58  BOLD_ADA9139|JICED028-16     13.03%    passed     49.83%
  59  BOLD_ADA9252|PLKCF015-20      1.21%    passed     94.71%
  60  BOLD_ADA9598|PLYAJ544-20      1.21%    passed     86.06%
  61  BOLD_ADB0362|CRSGC16377-23    1.21%    passed     51.03%
  62  BOLD_ADB0491|PLGCC052-20      1.21%    passed     78.59%
  63  BOLD_ADB0568|CRSIC9830-23     1.21%    passed     32.28%
  64  BOLD_ADB0574|PLPBL007-20      1.21%    passed     72.92%
  65  BOLD_ADB0781|PLAAY163-18      1.36%    passed     95.98%
  66  BOLD_ADB0941|PLCDK122-20      1.21%    passed      6.71%
  67  BOLD_ADB0968|PLYAY181-20      1.21%    passed     83.58%
  68  BOLD_ADB1245|PLPDM030-20      1.21%    passed     94.80%
  69  BOLD_ADB1592|PLPDD323-20      1.21%    passed     87.47%
  70  BOLD_ADB1766|CROAD15554-22    1.21%    passed     86.62%
  71  BOLD_ADB2783|PLWAD036-20      1.21%    passed     98.73%
  72  BOLD_ADB2984|JIAAG035-16     11.21%    passed     82.42%
  73  BOLD_ADB3037|PLPBL004-20      1.21%    passed     93.16%
  74  BOLD_ADB4006|ONTB37203-23     1.21%    passed     50.96%
  75  BOLD_ADB4734|PLABF7065-19     1.21%    passed     87.15%
  76  BOLD_ADB5031|JICCH1273-16    14.09%    passed     81.95%
  77  BOLD_ADB5065|PLUBM385-20      1.21%    passed     71.47%
  78  BOLD_ADB5379|CRSGA4426-23     1.21%    passed     94.12%
  79  BOLD_ADB5380|CRCCC13907-23    1.21%    passed     50.25%
  80  BOLD_ADB5930|PLEDX014-20      1.21%    passed     68.06%
  81  BOLD_ADB6217|JIEEY056-16     10.76%    passed     11.07%
  82  BOLD_ADB6440|PLZBI018-20      1.21%    passed     97.30%
  83  BOLD_ADB6767|CRPEB14467-21    1.21%    passed     69.18%
  84  BOLD_ADB6858|JICCL036-16     11.67%    passed     88.90%
  85  BOLD_ADB9243|PLEBD636-19      1.21%    passed     92.73%
  86  BOLD_ADC0300|PLJBK118-20      1.21%    passed     60.77%
  87  BOLD_ADC7780|JICCJ045-16      7.27%    passed     21.28%
  88  BOLD_ADC8794|ONTB39047-23     1.21%    failed      1.22%
  89  BOLD_ADD5870|JIGGB050-16     12.58%    passed     88.81%
  90  BOLD_ADE9304|PERMM22066-23    1.21%    passed     82.13%
  91  BOLD_ADF2610|GMCDB1224-16    11.21%    passed     75.83%
  92  BOLD_ADF3136|CRSEA10198-23    1.21%    passed     97.95%
  93  BOLD_ADF3177|CRATA33716-22    1.21%    passed     98.18%
  94  BOLD_ADF3374|CRCCC13457-23    1.21%    passed     88.08%
  95  BOLD_ADF3621|CRSCA27292-24    1.21%    passed     90.98%
  96  BOLD_ADF3648|CRALC12350-21    1.21%    passed     66.67%
  97  BOLD_ADF4027|CRCCC13558-23    1.21%    failed      3.15%
  98  BOLD_ADF4412|GMCEC52493-21    1.21%    passed     90.49%
  99  BOLD_ADF4829|CRBOB24574-23    1.21%    passed     28.13%
 100  BOLD_ADF5210|GMCEC078-21      1.21%    passed     71.05%
 101  BOLD_ADF5914|CRCCB10266-23    1.21%    passed     97.30%
 102  BOLD_ADF6436|CRSEA13213-23    1.21%    passed     95.92%
 103  BOLD_ADF8185|CRATB5148-22     1.21%    passed     98.03%
 104  BOLD_ADF8363|CRCCC15043-23    1.21%    passed     98.82%
 105  BOLD_ADH5644|CRSGA8915-23     1.21%    passed     74.07%
 106  BOLD_ADH6741|KMPPB008-18      1.36%    passed     77.91%
 107  BOLD_ADJ9125|CRCCB20138-23    1.21%    passed     99.81%
 108  BOLD_ADL4241|SENTO1011-18     1.21%    passed     32.28%
 109  BOLD_ADL7288|GMCCM002-18     11.21%    failed      3.43%
 110  BOLD_ADL8971|CRCED19618-23    1.21%    passed     11.71%
 111  BOLD_ADN5070|SICOA135-18      1.21%    passed     96.69%
 112  BOLD_ADO5437|KMPPA094-18      5.91%    passed     97.79%
 113  BOLD_ADO6953|KMPPL022-19      1.21%    passed     93.52%
 114  BOLD_ADO7150|CRBOE35663-23    1.21%    passed     96.56%
 115  BOLD_ADO8982|CROAD15438-22    1.21%    passed     75.25%
 116  BOLD_ADP1177|SICOA1355-18     1.21%    passed     90.95%
 117  BOLD_ADP2010|SICOA1149-18     1.21%    passed     70.61%
 118  BOLD_ADP2761|SICOA696-18      1.21%    passed     22.83%
 119  BOLD_ADP3370|SICOA704-18      1.21%    passed     85.38%
 120  BOLD_ADP3371|SICOA703-18      1.21%    passed     80.84%
 121  BOLD_ADP4382|SICOA373-18      1.21%    passed     27.71%
 122  BOLD_ADS2574|KMPPB006-18      1.21%    passed     64.24%
 123  BOLD_ADS4611|KMPPL021-19      1.21%    passed     95.78%
 124  BOLD_ADT1402|KMPPL023-19      1.36%    passed     45.22%
 125  BOLD_ADT8381|GMPMA2755-18     1.36%    passed     90.91%
 126  BOLD_ADU0022|GMPMY147-18      1.21%    passed     94.49%
 127  BOLD_ADU4051|GMPXA342-23      1.21%    passed     96.61%
 128  BOLD_ADU5565|CRATC36914-23    1.21%    failed      1.39%
 129  BOLD_ADU9610|SATHA24210-23    1.21%    passed     69.28%
 130  BOLD_ADV4397|GMPMA010-18      3.03%    passed     95.44%
 131  BOLD_ADW7615|KMPSJ644-19      1.36%    passed     95.56%
 132  BOLD_ADX4080|GMPMY677-18      1.21%    passed     54.66%
 133  BOLD_ADX8925|KMPNI964-19      1.21%    passed     96.40%
 134  BOLD_ADX9405|KMPPJ055-19      1.36%    passed     70.98%
 135  BOLD_ADY2756|PLECJ3637-20     1.36%    passed     87.73%
 136  BOLD_ADY2839|KMPZG1104-19     1.21%    passed     97.61%
 137  BOLD_ADY3630|KMPNO065-19      1.36%    passed     90.88%
 138  BOLD_ADY5016|SICOA742-18      1.21%    passed     81.35%
 139  BOLD_ADY7222|KMPQK019-19      1.21%    passed     70.49%
 140  BOLD_ADY8764|PLACV023-20      1.36%    passed     89.76%
 141  BOLD_ADZ1397|KMPQP408-19      1.21%    passed     99.42%
 142  BOLD_ADZ2863|KMPOT025-19      1.21%    passed     99.18%
 143  BOLD_ADZ4081|KMPNU1306-19     1.21%    passed     51.75%
 144  BOLD_ADZ4619|KMPRS212-19      1.21%    passed     99.97%
 145  BOLD_ADZ5607|KMPSP2655-19     1.36%    passed     85.28%
 146  BOLD_ADZ7620|KMPNP1757-19     1.21%    passed     82.30%
 147  BOLD_ADZ7717|KMPSZ031-19      1.36%    passed     99.09%
 148  BOLD_AEA0377|KMPOU141-19      1.21%    passed     53.00%
 149  BOLD_AEA1169|KMPRR082-19      1.21%    passed     98.46%
 150  BOLD_AEB1624|PLEBK030-19      1.21%    passed     83.96%
 151  BOLD_AEB2761|CRBOB32194-23    1.21%    passed     92.23%
 152  BOLD_AEB3196|CRSGC10356-23    1.21%    passed     86.29%
 153  BOLD_AEB5092|PLCBE006-19      1.21%    passed     33.14%
 154  BOLD_AEB7010|PERMM7607-23     1.21%    passed     99.27%
 155  BOLD_AEB8558|CRSCA32241-24    1.21%    passed     96.08%
 156  BOLD_AEB8661|PLGCQ038-20      1.36%    passed     89.94%
 157  BOLD_AEC0523|PLVBA645-20      1.21%    passed     99.14%
 158  BOLD_AEC7859|GMCNA16034-21    1.21%    passed     31.25%
 159  BOLD_AEC8257|PLJBF002-20      1.36%    passed     87.24%
 160  BOLD_AEC9377|CRCBC39354-23    1.21%    passed     94.17%
 161  BOLD_AED0219|PLKDB001-20      1.21%    passed     53.66%
 162  BOLD_AED5968|PLPBO058-20      1.21%    passed     62.31%
 163  BOLD_AED7090|CRCEA5853-21     1.21%    passed     55.57%
 164  BOLD_AEE2199|GMCRN233-13      1.21%    passed     80.23%
 165  BOLD_AEE2543|CRBAF6720-22     1.21%    passed     55.78%
 166  BOLD_AEE3500|PLZAC050-20      1.21%    passed     66.19%
 167  BOLD_AEE3682|PLWAY036-20      1.21%    passed     73.12%
 168  BOLD_AEE4735|PLXBA830-20      1.21%    passed     66.00%
 169  BOLD_AEE5489|CRSRC5875-23     1.21%    passed     63.44%
 170  BOLD_AEE7013|PLUBC808-20      1.21%    passed     67.15%
 171  BOLD_AEE7916|PLSAY131-20      1.21%    passed     56.73%
 172  BOLD_AEE8055|PLWBC148-20      1.21%    passed     97.05%
 173  BOLD_AEF0362|CRCCE7264-23     1.21%    passed     72.63%
 174  BOLD_AEF2730|CRBLA456-22      1.21%    passed     51.03%
 175  BOLD_AEF3570|PLYAG041-20      1.21%    passed     79.66%
 176  BOLD_AEF4689|PLEDN975-20      1.21%    passed     99.72%
 177  BOLD_AEF5528|CRBOE35688-23    1.21%    passed     87.10%
 178  BOLD_AEF5648|PLECH2986-20     1.21%    passed     67.75%
 179  BOLD_AEF5671|PLECI2751-20     1.21%    passed     90.40%
 180  BOLD_AEF6983|PLECN2020-20     1.21%    passed     71.42%
 181  BOLD_AEF8855|PLJCQ002-20      1.21%    passed     76.02%
 182  BOLD_AEF8899|PLYDG363-21      1.21%    passed     42.29%
 183  BOLD_AEF8997|PLEDD1109-20     1.21%    passed     60.50%
 184  BOLD_AEF9118|CRTRC1599-23     1.21%    passed     36.37%
 185  BOLD_AEF9655|PLQDD012-20      1.21%    passed     57.16%
 186  BOLD_AEG2775|CRSGA8055-23     1.21%    passed     85.13%
 187  BOLD_AEG3693|CRSGA1380-23     1.21%    passed     99.57%
 188  BOLD_AEG5167|PLRDK005-20      1.36%    passed     91.75%
 189  BOLD_AEH1132|PLPDD075-20      1.36%    passed     96.68%
 190  BOLD_AEH1821|PLPDD061-20      1.21%    passed     31.25%
 191  BOLD_AEH2231|CRSGC9362-23     1.21%    passed     69.10%
 192  BOLD_AEH2816|PLPDD391-20      1.36%    passed     64.04%
 193  BOLD_AEH2864|PLPDM025-20      1.21%    passed     95.22%
 194  BOLD_AEH3735|PLDAO072-19      3.18%    passed     66.45%
 195  BOLD_AEH4845|GMCRJ864-13      1.21%    passed     90.36%
 196  BOLD_AEH5177|PLYDA016-20      1.21%    passed     74.97%
 197  BOLD_AEH5178|PLCEN006-20      1.21%    passed     67.41%
 198  BOLD_AEH5681|CRPSA5525-22     1.36%    passed     91.59%
 199  BOLD_AEI2357|SICOA698-18      1.21%    passed     83.74%
 200  BOLD_AEI2542|PLAEX064-21      1.36%    passed     79.74%
 201  BOLD_AEI2903|PLVDE066-20      3.03%    passed     39.86%
 202  BOLD_AEI8318|PLAEO159-21      1.21%    passed     62.45%
 203  BOLD_AEJ0517|CROZA4103-21     1.21%    passed     87.58%
 204  BOLD_AEJ0640|CROZA6231-21     1.21%    passed     43.58%
 205  BOLD_AEJ2812|CRSIC4179-23     1.21%    passed     82.81%
 206  BOLD_AEJ2914|CROAB44480-21    1.21%    passed     55.60%
 207  BOLD_AEJ7929|PLZAK554-20     15.61%    passed     59.57%
 208  BOLD_AEJ8669|PLDCJ015-20     23.18%    passed     92.55%
 209  BOLD_AEK1382|PLAFH036-21      1.21%    passed     67.27%
 210  BOLD_AEK2195|PERMM7800-23     1.21%    passed     90.04%
 211  BOLD_AEK2910|CROZA50320-21    1.36%    passed     68.92%
 212  BOLD_AEK7179|CROAB26175-21    1.21%    passed     81.05%
 213  BOLD_AEK7720|CROAB32681-21    1.21%    passed     94.90%
 214  BOLD_AEL0677|CROZA25288-21    1.21%    passed     83.26%
 215  BOLD_AEL4583|CROZA25363-21    1.21%    passed     60.17%
 216  BOLD_AEL7060|CRSIC4269-23     1.21%    passed     63.31%
 217  BOLD_AEL8086|CROAB13952-21    1.21%    passed     98.44%
 218  BOLD_AEL8511|CROAB48790-21    1.21%    passed     92.04%
 219  BOLD_AEL8683|CROAC5295-21     2.12%    passed     75.94%
 220  BOLD_AEL9836|CROCA13664-21    2.88%    failed      3.86%
 221  BOLD_AEM0885|CROAD47628-22    1.21%    passed     66.55%
 222  BOLD_AEM0916|CROAE9674-23     1.21%    passed     95.88%
 223  BOLD_AEM1024|CROAB30190-21    1.21%    passed     97.49%
 224  BOLD_AEM1321|GMCNA5648-21     1.21%    passed     73.53%
 225  BOLD_AEM1555|CRALB44487-21    1.21%    passed     49.84%
 226  BOLD_AEM2115|CROCA13463-21    1.21%    passed     76.90%
 227  BOLD_AEM2180|CRKAS24375-23    1.21%    passed     73.88%
 228  BOLD_AEM3302|CROZA45347-21    1.21%    passed     63.60%
 229  BOLD_AEM3422|CROAB007-21      1.21%    passed     92.18%
 230  BOLD_AEM5619|CRALA41692-21    1.21%    passed     96.42%
 231  BOLD_AEM5621|ONTB40639-23     1.21%    passed     77.64%
 232  BOLD_AEM6924|CRCBC36273-23    1.21%    passed      8.14%
 233  BOLD_AEM7762|GMCEC11530-21    1.21%    passed     58.10%
 234  BOLD_AEM8275|CRALA15753-21    1.21%    passed     39.32%
 235  BOLD_AEM9551|CRALA38952-21    1.21%    passed     97.84%
 236  BOLD_AEN0322|CRALA41734-21    1.21%    passed     70.87%
 237  BOLD_AEN2636|ONTB18022-23     1.21%    passed     96.89%
 238  BOLD_AEN2996|CRALA6173-21     1.21%    passed     60.41%
 239  BOLD_AEN4008|CRATC2582-23     1.21%    passed     73.37%
 240  BOLD_AEN9063|CRATC19634-23    1.52%    passed     63.49%
 241  BOLD_AEO1826|CRICB15142-22    1.21%    passed     95.65%
 242  BOLD_AEO2624|CRSRD16891-24    1.21%    passed     65.70%
 243  BOLD_AEO2947|CRTRA36603-22    1.21%    passed     51.45%
 244  BOLD_AEO3801|CRTOA7828-21     1.21%    passed     70.45%
 245  BOLD_AEO4904|CRTOD16712-23    1.21%    passed     97.50%
 246  BOLD_AEO6003|CRALB39733-21    1.21%    passed     78.76%
 247  BOLD_AEQ7671|CRPEA28078-21    1.21%    passed     84.25%
 248  BOLD_AEQ7676|CRATB13462-23    1.21%    passed     97.82%
 249  BOLD_AEQ7769|ONTB10388-23     1.52%    passed     72.57%
 250  BOLD_AEQ7818|CRBLD11161-23    1.21%    passed     29.34%
 251  BOLD_AEQ8018|CRBAD5980-23     1.21%    passed     61.55%
 252  BOLD_AEQ8033|CRALC2071-21     1.21%    passed     44.81%
 253  BOLD_AEQ8070|CRATC36611-23    1.21%    passed      9.02%
 254  BOLD_AEQ8106|CROCB3606-22     1.36%    passed     81.11%
 255  BOLD_AEQ8165|CRBOB25139-23    1.21%    passed     91.23%
 256  BOLD_AEQ8236|CRQUB32941-22    1.21%    passed     71.90%
 257  BOLD_AEQ8378|CRALC15809-21    1.36%    passed     44.79%
 258  BOLD_AEQ8424|CRSIA5109-21     1.21%    passed     95.18%
 259  BOLD_AEQ8958|CRSIA4138-21     1.21%    passed     73.58%
 260  BOLD_AEQ9230|CRTOA29797-21    1.21%    passed     95.30%
 261  BOLD_AEQ9379|CRTOA8807-21     1.21%    passed     79.12%
 262  BOLD_AEQ9501|CRALC6885-21     1.21%    passed     24.41%
 263  BOLD_AEQ9557|CRBLB42604-22    1.21%    passed     69.21%
 264  BOLD_AEQ9562|CRSIA13627-21    1.21%    passed     95.91%
 265  BOLD_AEQ9577|CRBOB32189-23    1.21%    passed     81.00%
 266  BOLD_AEQ9658|CRSRA26005-22    1.21%    passed     90.70%
 267  BOLD_AEQ9707|CRCEA32127-22    1.21%    passed     73.76%
 268  BOLD_AEQ9738|CRPEA16859-21    1.36%    passed     98.63%
 269  BOLD_AEQ9766|CRSRD18810-24    1.21%    passed     79.59%
 270  BOLD_AEQ9819|CRALD4395-23     1.21%    passed     91.86%
 271  BOLD_AEQ9846|CRPEC24454-21    1.36%    passed     73.76%
 272  BOLD_AEQ9875|CRQUC18716-23    1.21%    passed     88.34%
 273  BOLD_AER1632|CRALC13432-21    1.21%    passed     64.65%
 274  BOLD_AER6344|CRTOB44404-22    1.21%    passed     55.60%
 275  BOLD_AER7158|CRTOA44029-22    1.21%    passed     80.69%
 276  BOLD_AER8938|CRSIA40238-22    1.36%    passed     55.59%
 277  BOLD_AER9293|CRSIA36327-22    3.03%    passed     51.51%
 278  BOLD_AER9841|CRBAD5104-23     1.21%    passed     12.95%
 279  BOLD_AES3911|CRQZA14284-22    1.21%    passed     99.74%
 280  BOLD_AES5603|CRSIA25367-22    1.21%    passed     97.59%
 281  BOLD_AET0380|CRSGA2008-23     1.21%    passed     89.16%
 282  BOLD_AET0997|CRBLA28197-22    1.21%    passed     79.50%
 283  BOLD_AET1938|CRPED13709-21    1.36%    failed      0.00%
 284  BOLD_AET2465|CRSIA31109-22    3.03%    passed     81.34%
 285  BOLD_AET2797|CRQZA9713-22     1.36%    passed     91.47%
 286  BOLD_AET3208|ONTB10235-23     1.36%    passed     11.59%
 287  BOLD_AET4122|CRCEB32755-22    1.67%    passed     44.85%
 288  BOLD_AEU8903|CRQZB3945-22     1.21%    passed     57.53%
 289  BOLD_AEU9635|SATHA2752-22     1.21%    passed     77.16%
 290  BOLD_AEV6892|CRSRA31936-22    1.21%    passed     99.68%
 291  BOLD_AEV9202|CRCED10893-23    1.21%    passed     82.62%
 292  BOLD_AEW5323|CRATA17909-22    1.36%    passed     20.05%
 293  BOLD_AEX0511|CRHYA33693-22    1.21%    passed     41.19%
 294  BOLD_AEX5274|CRHYA28610-22    1.21%    passed     80.95%
 295  BOLD_AEX7326|CRALC20559-21    1.21%    passed     73.39%
 296  BOLD_AEX8204|CRCBC19886-23    1.21%    passed     96.17%
 297  BOLD_AEX9627|CRATC2477-23     1.21%    passed     82.07%
 298  BOLD_AEY3926|CRBLB12998-22    1.21%    passed     89.46%
 299  BOLD_AEY4992|CRSGC10391-23    1.21%    passed     92.59%
 300  BOLD_AEY7663|CRATA25087-22    1.36%    passed     12.22%
 301  BOLD_AEZ1919|ONTA28107-23     1.21%    passed     64.92%
 302  BOLD_AEZ3588|CRPSA3682-22     1.21%    passed     94.80%
 303  BOLD_AEZ3898|CRPSA7964-22     1.36%    passed     93.46%
 304  BOLD_AEZ5170|CRBOB805-23      1.21%    passed     64.89%
 305  BOLD_AEZ6729|CRHYB8104-22     1.21%    passed     34.48%
 306  BOLD_AEZ7527|CRCBD29887-23    1.21%    passed     87.04%
 307  BOLD_AFB3037|CRATA19533-22    1.36%    passed     81.72%
 308  BOLD_AFC0074|PLFEA006-21      1.06%    passed     67.85%
 309  BOLD_AFC9300|PLRDG028-20      1.21%    passed     44.81%
 310  BOLD_AFD2308|PLCEF003-20      0.45%    passed     77.26%
 311  BOLD_AFE0997|PERMM822-23      1.21%    passed     99.79%
 312  BOLD_AFE1647|PERMM39420-23    1.21%    passed     79.11%
 313  BOLD_AFE1726|PERMM24200-23    1.36%    passed     77.55%
 314  BOLD_AFE3259|PERMM19373-23    1.21%    passed     73.89%
 315  BOLD_AFE6482|PERMM19441-23    1.21%    passed     99.61%
 316  BOLD_AFE7455|PERMM19394-23    1.21%    passed     79.63%
 317  BOLD_AFE7959|PERMM2495-23     1.21%    passed     81.62%
 318  BOLD_AFE8933|PERMM23022-23    1.21%    passed     69.92%
 319  BOLD_AFF1113|PERMM26398-23    1.21%    passed     63.54%
 320  BOLD_AFF1279|CRBOA29922-23    1.36%    passed     93.07%
 321  BOLD_AFF1676|PERMM1438-23     1.21%    passed     85.67%
 322  BOLD_AFF1827|PERMM1385-23     1.21%    passed     58.02%
 323  BOLD_AFF5339|PERMM7222-23     1.21%    passed     89.46%
 324  BOLD_AFF5566|CRBOA52093-23    1.21%    passed     96.17%
 325  BOLD_AFF5682|PERMM7608-23     1.21%    passed     71.83%
 326  BOLD_AFF9479|PERMM7586-23     1.36%    passed     86.66%
 327  BOLD_AFF9764|PERMM13550-23    1.21%    passed     33.65%
 328  BOLD_AFG3011|PERMM39243-23    1.21%    passed     88.47%
 329  BOLD_AFG4778|PERMM39244-23    1.21%    passed     94.54%
 330  BOLD_AFH1806|CRCBD18142-23    1.21%    passed     79.35%
 331  BOLD_AFH1908|CRCBA46676-23    1.21%    passed     96.26%
 332  BOLD_AFH4256|CRCCB14053-23    1.21%    passed     85.49%
 333  BOLD_AFH4874|PERMM19275-23    1.21%    passed     92.23%
 334  BOLD_AFH4990|CRSAA25496-24    1.21%    passed     97.32%
 335  BOLD_AFH5121|PERMM18361-23    1.36%    passed     45.72%
 336  BOLD_AFH5247|CRBAF7142-22     1.21%    passed     91.90%
 337  BOLD_AFH5248|CRBAF7141-22     1.21%    passed     82.96%
 338  BOLD_AFH5975|CRCCC13361-23    1.21%    passed     86.36%
 339  BOLD_AFH6458|PERMM12938-23    1.21%    passed     82.26%
 340  BOLD_AFH7132|CRSRC9187-23     1.21%    passed     72.26%
 341  BOLD_AFH7312|CRSCA32265-24    1.21%    passed     96.73%
 342  BOLD_AFH8218|CRKAS21582-23    1.21%    passed     77.85%
 343  BOLD_AFI2846|PERMM18582-23    1.21%    passed     61.63%
 344  BOLD_AFI3533|CRKAS21141-23    1.21%    passed     48.99%
 345  BOLD_AFI4176|CRKAT2414-23     1.21%    passed     83.99%
 346  BOLD_AFI5487|CRCBC27388-23    1.21%    passed     69.21%
 347  BOLD_AFI5905|PERMM12957-23    1.21%    passed     86.27%
 348  BOLD_AFI6585|SATHA16033-23    1.21%    passed     76.69%
 349  BOLD_AFI6753|CRCBB10512-23    1.21%    passed     96.35%
 350  BOLD_AFJ4996|SATHA26939-23    1.21%    passed     82.12%
 351  BOLD_AFL3687|CRCED2316-23     1.21%    passed     55.57%
 352  BOLD_AFL3814|SATHB9874-23     1.21%    passed     99.51%
 353  BOLD_AFN3394|PERMM29918-23    1.21%    passed     96.56%
 354  BOLD_AFN4179|GMPXA9021-23     1.21%    passed     95.42%
 355  BOLD_AFN4719|PERMM20724-23    1.36%    passed     88.54%
 356  BOLD_AFN6043|PERMM20725-23    1.21%    passed     91.44%
 357  BOLD_AFN6130|PERMM20059-23    1.21%    passed     88.42%
 358  BOLD_AFN6263|PERMM19832-23    1.21%    passed     94.78%
 359  BOLD_AFN8732|PERMM33343-23    1.21%    passed     85.74%
 360  BOLD_AFN8799|PERMM20600-23    1.21%    passed     80.99%
 361  BOLD_AFN9929|PERMM25258-23    1.21%    passed     14.85%
 362  BOLD_AFO2493|PERMM20075-23    1.21%    passed     78.12%
 363  BOLD_AFO5642|PERMM22893-23    1.21%    passed     30.41%
 364  BOLD_AFO9127|CRCCA21248-23    1.21%    passed     81.01%
 365  BOLD_AFP1304|PERMM33145-23    1.21%    passed     63.20%
 366  BOLD_AFP3372|ONTA28808-23     1.21%    passed     90.13%
 367  BOLD_AFP6813|CRSEA4707-23     1.21%    passed      9.48%
 368  BOLD_AFP7329|PERMM24072-23    1.21%    passed     55.76%
 369  BOLD_AFP7751|PERMM20727-23    1.21%    passed      6.62%
 370  BOLD_AFQ1156|PERMM20837-23    1.21%    passed     85.54%
 371  BOLD_AFV5605|CRATA38421-22    1.21%    passed     91.74%
 372  BOLD_AFY6919|CRQUC19657-23    1.52%    passed     93.11%
 373  BOLD_AFZ8382|CRCBC39733-23    1.21%    passed     97.04%
 374  BOLD_AFZ8757|CRALD2110-23     1.21%    passed     20.40%
 375  BOLD_AFZ8780|CRSGB6865-23     1.21%    passed     95.94%
 376  BOLD_AFZ8923|CRCCC1881-23     1.21%    passed     49.79%
 377  BOLD_AGA0670|CRATC26770-23    1.21%    failed      0.51%
 378  BOLD_AGA0837|CRBOE35642-23    1.36%    passed     75.22%
 379  BOLD_AGA0902|CRCBD42040-23    1.21%    passed     28.90%
 380  BOLD_AGA0914|CRBAD5116-23     1.21%    passed     97.13%
 381  BOLD_AGA4455|CRTOD18259-23    1.21%    passed     98.73%
 382  BOLD_AGA4457|CRSRD508-23      1.21%    passed     91.83%
 383  BOLD_AGA4459|CRSRD1079-23     1.21%    passed      6.82%
 384  BOLD_AGA4460|CRTOD18289-23    1.21%    passed     83.02%
 385  BOLD_AGA4462|CRCBB37902-23    1.21%    passed     98.78%
 386  BOLD_AGA4470|CRSEA10693-23    1.21%    passed     99.42%
 387  BOLD_AGA4471|CRQZC6858-23     1.21%    passed     93.68%
 388  BOLD_AGA7370|CRSAA3419-21     1.21%    passed     86.38%
 389  BOLD_AGA8716|CRSRD10242-23    1.21%    passed     68.31%
 390  BOLD_AGA8832|CRCCE15888-23    1.21%    passed      9.38%
 391  BOLD_AGA9906|CRATC37408-23    1.21%    passed     60.96%
 392  BOLD_AGA9910|CRSEA3904-23     1.21%    passed      8.30%
 393  BOLD_AGA9911|CRSGA2866-23     1.21%    passed      5.60%
 394  BOLD_AGC4831|CRATC33103-23    1.21%    passed     80.98%
 395  BOLD_AGC4832|ONTB17940-23     1.21%    passed     86.62%
 396  BOLD_AGC4833|CRCCB10295-23    1.21%    passed     75.98%
 397  BOLD_AGE9084|CRSGC10358-23    1.21%    passed     69.84%
****  TOTAL                         2.05%  7 sequences failed composition chi2 test (p-value<5%; df=3)
Checking for duplicate sequences: done in 0.000667095 secs using 142.7% CPU

Create initial parsimony tree by phylogenetic likelihood library (PLL)... 0.050 seconds
Generating 1000 samples for ultrafast bootstrap (seed: 80266)...

NOTE: 23 MB RAM (0 GB) is required!
Measuring multi-threading efficiency up to 8 CPU cores
Increase to 10 rounds for branch lengths
35 trees examined
Threads: 1 / Time: 8.210 sec / Speedup: 1.000 / Efficiency: 100% / LogL: -75558
Threads: 2 / Time: 12.542 sec / Speedup: 0.655 / Efficiency: 33% / LogL: -75558
Determining AUTO threadcount: done in 20.7533 secs using 100.8% CPU
BEST NUMBER OF THREADS: 1

Estimate model parameters (epsilon = 0.100)
Thoroughly optimizing +I+G parameters from 10 start values...
Init pinv, alpha: 0.000, 1.000 / Estimate: 0.425, 0.669 / LogL: -52625.404
Init pinv, alpha: 0.049, 1.000 / Estimate: 0.425, 0.669 / LogL: -52625.357
Init pinv, alpha: 0.097, 1.000 / Estimate: 0.425, 0.669 / LogL: -52625.285
Init pinv, alpha: 0.146, 1.000 / Estimate: 0.425, 0.669 / LogL: -52625.270
Init pinv, alpha: 0.195, 1.000 / Estimate: 0.425, 0.669 / LogL: -52625.273
Init pinv, alpha: 0.243, 1.000 / Estimate: 0.425, 0.669 / LogL: -52625.275
Init pinv, alpha: 0.292, 1.000 / Estimate: 0.425, 0.669 / LogL: -52625.275
Init pinv, alpha: 0.341, 1.000 / Estimate: 0.425, 0.669 / LogL: -52625.277
Init pinv, alpha: 0.389, 1.000 / Estimate: 0.425, 0.669 / LogL: -52625.280
Init pinv, alpha: 0.438, 1.000 / Estimate: 0.425, 0.669 / LogL: -52625.280
Optimal pinv,alpha: 0.425, 0.669 / LogL: -52625.270

Parameters optimization took 10.990 sec
Wrote distance file to... 
Computing ML distances based on estimated model parameters...
Calculating distance matrix: done in 0.299307 secs using 99.55% CPU
Computing ML distances took 0.299837 sec (of wall-clock time) 0.298366 sec (of CPU time)
Setting up auxiliary I and S matrices: done in 0.00215697 secs using 179.4% CPU
Constructing RapidNJ tree: done in 0.00808406 secs using 190.8% CPU
Computing RapidNJ tree took 0.010268 sec (of wall-clock time) 0.019308 sec (of CPU time)
Log-likelihood of RapidNJ tree: -52461.623
--------------------------------------------------------------------
|             INITIALIZING CANDIDATE TREE SET                      |
--------------------------------------------------------------------
Generating 98 parsimony trees... 4.141 second
Computing log-likelihood of 98 initial trees ... 3.046 seconds
Current best score: -52461.623

Do NNI search on 20 best initial trees
Optimizing NNI: done in 1.01701 secs using 99.87% CPU
Estimate model parameters (epsilon = 0.100)
BETTER TREE FOUND at iteration 1: -52151.072
Optimizing NNI: done in 1.25798 secs using 99.84% CPU
Optimizing NNI: done in 1.04065 secs using 99.81% CPU
Optimizing NNI: done in 1.16251 secs using 99.81% CPU
Optimizing NNI: done in 1.31674 secs using 99.82% CPU
Optimizing NNI: done in 1.34571 secs using 99.83% CPU
Optimizing NNI: done in 1.20991 secs using 99.83% CPU
Optimizing NNI: done in 1.16946 secs using 99.82% CPU
Optimizing NNI: done in 1.25829 secs using 99.82% CPU
Optimizing NNI: done in 1.18952 secs using 99.84% CPU
Iteration 10 / LogL: -52469.258 / Time: 0h:0m:51s
Optimizing NNI: done in 1.21738 secs using 99.81% CPU
Optimizing NNI: done in 1.25127 secs using 99.78% CPU
Optimizing NNI: done in 1.3069 secs using 99.83% CPU
Optimizing NNI: done in 1.02561 secs using 99.8% CPU
Optimizing NNI: done in 1.00559 secs using 99.82% CPU
Optimizing NNI: done in 1.55176 secs using 99.83% CPU
Optimizing NNI: done in 0.957673 secs using 99.83% CPU
Optimizing NNI: done in 1.41023 secs using 99.81% CPU
Optimizing NNI: done in 1.38826 secs using 99.82% CPU
Optimizing NNI: done in 1.25682 secs using 99.81% CPU
Iteration 20 / LogL: -52413.358 / Time: 0h:1m:4s
Finish initializing candidate tree set (20)
Current best tree score: -52151.072 / CPU time: 31.997
Number of iterations: 20
--------------------------------------------------------------------
|               OPTIMIZING CANDIDATE TREE SET                      |
--------------------------------------------------------------------
Optimizing NNI: done in 1.03306 secs using 99.35% CPU
Estimate model parameters (epsilon = 0.100)
BETTER TREE FOUND at iteration 21: -52109.559
Optimizing NNI: done in 0.740135 secs using 99.74% CPU
Optimizing NNI: done in 1.1091 secs using 99.76% CPU
Optimizing NNI: done in 0.981151 secs using 99.77% CPU
Optimizing NNI: done in 0.827706 secs using 99.84% CPU
Optimizing NNI: done in 0.901746 secs using 99.79% CPU
Optimizing NNI: done in 0.812237 secs using 99.76% CPU
Estimate model parameters (epsilon = 0.100)
BETTER TREE FOUND at iteration 27: -52102.353
Optimizing NNI: done in 0.886847 secs using 99.53% CPU
Optimizing NNI: done in 0.809234 secs using 99.77% CPU
Optimizing NNI: done in 0.743336 secs using 99.76% CPU
Iteration 30 / LogL: -52114.567 / Time: 0h:1m:13s (0h:4m:6s left)
Optimizing NNI: done in 0.829446 secs using 99.63% CPU
Optimizing NNI: done in 0.941952 secs using 99.46% CPU
Estimate model parameters (epsilon = 0.100)
BETTER TREE FOUND at iteration 32: -52101.066
Optimizing NNI: done in 0.796805 secs using 99% CPU
Optimizing NNI: done in 0.810179 secs using 99.56% CPU
Optimizing NNI: done in 0.819407 secs using 99.58% CPU
Optimizing NNI: done in 0.854375 secs using 99.64% CPU
Estimate model parameters (epsilon = 0.100)
BETTER TREE FOUND at iteration 36: -52099.360
Optimizing NNI: done in 0.878158 secs using 99.62% CPU
Optimizing NNI: done in 0.91321 secs using 99.55% CPU
Optimizing NNI: done in 0.906597 secs using 99.66% CPU
Estimate model parameters (epsilon = 0.100)
BETTER TREE FOUND at iteration 39: -52081.775
Optimizing NNI: done in 0.869469 secs using 98.52% CPU
Iteration 40 / LogL: -52110.620 / Time: 0h:1m:23s (0h:3m:30s left)
Optimizing NNI: done in 0.847974 secs using 99.62% CPU
Optimizing NNI: done in 0.779545 secs using 99.51% CPU
Optimizing NNI: done in 0.912299 secs using 99.78% CPU
Optimizing NNI: done in 0.795951 secs using 99.92% CPU
Optimizing NNI: done in 0.688696 secs using 99.97% CPU
Optimizing NNI: done in 0.791765 secs using 99.96% CPU
Estimate model parameters (epsilon = 0.100)
BETTER TREE FOUND at iteration 46: -52076.854
Optimizing NNI: done in 0.759346 secs using 99.96% CPU
Optimizing NNI: done in 0.783138 secs using 99.97% CPU
Optimizing NNI: done in 0.754405 secs using 99.97% CPU
Estimate model parameters (epsilon = 0.100)
BETTER TREE FOUND at iteration 49: -52074.706
Optimizing NNI: done in 0.754484 secs using 99.94% CPU
Iteration 50 / LogL: -52094.006 / Time: 0h:1m:31s (0h:3m:4s left)
Log-likelihood cutoff on original alignment: -52246.697
Optimizing NNI: done in 0.791868 secs using 99.97% CPU
Optimizing NNI: done in 0.873859 secs using 99.98% CPU
Optimizing NNI: done in 0.641635 secs using 99.96% CPU
Optimizing NNI: done in 0.660566 secs using 99.97% CPU
Optimizing NNI: done in 0.694768 secs using 99.98% CPU
Optimizing NNI: done in 0.800334 secs using 99.98% CPU
Optimizing NNI: done in 0.73033 secs using 99.98% CPU
Optimizing NNI: done in 0.696058 secs using 99.96% CPU
Optimizing NNI: done in 0.76878 secs using 99.97% CPU
Optimizing NNI: done in 0.814678 secs using 99.98% CPU
Iteration 60 / LogL: -52088.025 / Time: 0h:1m:39s (0h:2m:29s left)
Optimizing NNI: done in 0.922321 secs using 99.88% CPU
Optimizing NNI: done in 0.865943 secs using 99.96% CPU
Estimate model parameters (epsilon = 0.100)
BETTER TREE FOUND at iteration 62: -52070.094
Optimizing NNI: done in 0.877729 secs using 99.95% CPU
Optimizing NNI: done in 0.889488 secs using 99.98% CPU
Estimate model parameters (epsilon = 0.100)
BETTER TREE FOUND at iteration 64: -52069.888
Optimizing NNI: done in 0.861278 secs using 99.97% CPU
Estimate model parameters (epsilon = 0.100)
BETTER TREE FOUND at iteration 65: -52060.143
Optimizing NNI: done in 0.664451 secs using 99.84% CPU
Optimizing NNI: done in 0.845493 secs using 99.97% CPU
Optimizing NNI: done in 0.810811 secs using 99.97% CPU
Estimate model parameters (epsilon = 0.100)
BETTER TREE FOUND at iteration 68: -52052.631
Optimizing NNI: done in 0.780707 secs using 99.98% CPU
Optimizing NNI: done in 0.902714 secs using 99.98% CPU
Iteration 70 / LogL: -52086.354 / Time: 0h:1m:48s (0h:2m:34s left)
Optimizing NNI: done in 0.857534 secs using 99.98% CPU
Optimizing NNI: done in 0.962263 secs using 99.98% CPU
Optimizing NNI: done in 0.766887 secs using 99.97% CPU
Optimizing NNI: done in 0.745086 secs using 99.98% CPU
Estimate model parameters (epsilon = 0.100)
BETTER TREE FOUND at iteration 74: -52047.880
Optimizing NNI: done in 0.793956 secs using 99.98% CPU
Optimizing NNI: done in 0.815327 secs using 99.97% CPU
Optimizing NNI: done in 0.720103 secs using 99.98% CPU
Optimizing NNI: done in 0.643825 secs using 99.96% CPU
Optimizing NNI: done in 0.798862 secs using 99.98% CPU
Optimizing NNI: done in 0.71073 secs using 99.98% CPU
Iteration 80 / LogL: -52051.338 / Time: 0h:1m:56s (0h:2m:19s left)
Optimizing NNI: done in 0.803372 secs using 99.97% CPU
Estimate model parameters (epsilon = 0.100)
BETTER TREE FOUND at iteration 81: -52045.414
Optimizing NNI: done in 0.744193 secs using 99.98% CPU
Optimizing NNI: done in 0.755194 secs using 99.97% CPU
Optimizing NNI: done in 0.730583 secs using 99.98% CPU
Optimizing NNI: done in 0.603689 secs using 99.98% CPU
Optimizing NNI: done in 0.683588 secs using 99.9% CPU
Optimizing NNI: done in 0.868146 secs using 99.97% CPU
Optimizing NNI: done in 0.65859 secs using 99.98% CPU
Estimate model parameters (epsilon = 0.100)
BETTER TREE FOUND at iteration 88: -52039.910
Optimizing NNI: done in 0.745119 secs using 99.97% CPU
Optimizing NNI: done in 0.772482 secs using 99.97% CPU
Iteration 90 / LogL: -52065.808 / Time: 0h:2m:4s (0h:2m:17s left)
Optimizing NNI: done in 0.77986 secs using 99.97% CPU
Optimizing NNI: done in 0.649763 secs using 99.97% CPU
Optimizing NNI: done in 0.670392 secs using 99.98% CPU
Optimizing NNI: done in 0.722889 secs using 99.96% CPU
Optimizing NNI: done in 0.82052 secs using 99.97% CPU
Optimizing NNI: done in 0.866634 secs using 99.96% CPU
Optimizing NNI: done in 0.733375 secs using 99.98% CPU
Optimizing NNI: done in 0.731216 secs using 99.98% CPU
Optimizing NNI: done in 0.659345 secs using 99.97% CPU
Optimizing NNI: done in 0.7556 secs using 99.97% CPU
Iteration 100 / LogL: -52068.291 / Time: 0h:2m:12s (0h:1m:57s left)
Log-likelihood cutoff on original alignment: -52156.155
NOTE: Bootstrap correlation coefficient of split occurrence frequencies: 0.938
NOTE: UFBoot does not converge, continue at least 100 more iterations
Optimizing NNI: done in 0.780822 secs using 99.96% CPU
Optimizing NNI: done in 0.716985 secs using 99.98% CPU
Estimate model parameters (epsilon = 0.100)
BETTER TREE FOUND at iteration 102: -52039.500
Optimizing NNI: done in 0.616432 secs using 99.95% CPU
Optimizing NNI: done in 0.793903 secs using 99.95% CPU
Optimizing NNI: done in 0.750038 secs using 99.98% CPU
Optimizing NNI: done in 0.715622 secs using 99.97% CPU
Optimizing NNI: done in 0.675741 secs using 99.97% CPU
Optimizing NNI: done in 0.707902 secs using 99.95% CPU
Optimizing NNI: done in 0.693627 secs using 99.98% CPU
Optimizing NNI: done in 0.792216 secs using 99.98% CPU
Iteration 110 / LogL: -52047.076 / Time: 0h:2m:20s (0h:1m:58s left)
Optimizing NNI: done in 0.661746 secs using 99.97% CPU
Optimizing NNI: done in 0.687153 secs using 99.98% CPU
Optimizing NNI: done in 0.708006 secs using 99.98% CPU
Optimizing NNI: done in 0.763833 secs using 99.96% CPU
Estimate model parameters (epsilon = 0.100)
BETTER TREE FOUND at iteration 114: -52033.977
Optimizing NNI: done in 0.755753 secs using 99.97% CPU
Optimizing NNI: done in 0.901819 secs using 99.97% CPU
Optimizing NNI: done in 0.904953 secs using 99.97% CPU
Optimizing NNI: done in 0.754227 secs using 99.98% CPU
Estimate model parameters (epsilon = 0.100)
BETTER TREE FOUND at iteration 118: -52029.210
Optimizing NNI: done in 0.626187 secs using 99.97% CPU
Optimizing NNI: done in 0.791276 secs using 99.97% CPU
Iteration 120 / LogL: -52029.607 / Time: 0h:2m:28s (0h:2m:2s left)
Optimizing NNI: done in 0.776392 secs using 99.97% CPU
Optimizing NNI: done in 0.664193 secs using 99.98% CPU
Optimizing NNI: done in 0.697736 secs using 99.97% CPU
Optimizing NNI: done in 0.75283 secs using 99.97% CPU
Estimate model parameters (epsilon = 0.100)
BETTER TREE FOUND at iteration 124: -52025.708
Optimizing NNI: done in 0.854556 secs using 99.97% CPU
Optimizing NNI: done in 0.629518 secs using 99.97% CPU
Optimizing NNI: done in 0.747817 secs using 99.98% CPU
Optimizing NNI: done in 0.751542 secs using 99.98% CPU
Estimate model parameters (epsilon = 0.100)
BETTER TREE FOUND at iteration 128: -52024.519
Optimizing NNI: done in 0.803698 secs using 99.95% CPU
Optimizing NNI: done in 0.665593 secs using 99.97% CPU
Iteration 130 / LogL: -52042.849 / Time: 0h:2m:36s (0h:1m:58s left)
Optimizing NNI: done in 0.717913 secs using 99.98% CPU
Optimizing NNI: done in 0.742743 secs using 99.97% CPU
Optimizing NNI: done in 0.679594 secs using 99.98% CPU
Optimizing NNI: done in 0.694738 secs using 99.98% CPU
Optimizing NNI: done in 0.794746 secs using 99.95% CPU
Optimizing NNI: done in 0.722367 secs using 99.98% CPU
Optimizing NNI: done in 0.678931 secs using 99.98% CPU
Optimizing NNI: done in 0.711545 secs using 99.82% CPU
Optimizing NNI: done in 0.724356 secs using 99.88% CPU
Optimizing NNI: done in 0.92119 secs using 99.98% CPU
Iteration 140 / LogL: -52025.678 / Time: 0h:2m:44s (0h:1m:43s left)
Optimizing NNI: done in 0.715294 secs using 99.97% CPU
Optimizing NNI: done in 0.756863 secs using 99.98% CPU
Optimizing NNI: done in 0.696119 secs using 99.98% CPU
Optimizing NNI: done in 0.716781 secs using 99.96% CPU
Estimate model parameters (epsilon = 0.100)
BETTER TREE FOUND at iteration 144: -52021.793
Optimizing NNI: done in 0.656621 secs using 99.96% CPU
Optimizing NNI: done in 0.817603 secs using 99.97% CPU
Optimizing NNI: done in 0.673378 secs using 99.97% CPU
Optimizing NNI: done in 0.710634 secs using 99.97% CPU
Optimizing NNI: done in 0.675006 secs using 99.97% CPU
Optimizing NNI: done in 0.696368 secs using 99.98% CPU
Iteration 150 / LogL: -52045.108 / Time: 0h:2m:51s (0h:1m:48s left)
Log-likelihood cutoff on original alignment: -52147.956
Optimizing NNI: done in 0.804832 secs using 99.95% CPU
Optimizing NNI: done in 0.691162 secs using 99.61% CPU
Optimizing NNI: done in 0.610341 secs using 99.74% CPU
Optimizing NNI: done in 0.807193 secs using 99.71% CPU
Optimizing NNI: done in 0.856367 secs using 99.55% CPU
Optimizing NNI: done in 0.739296 secs using 99.61% CPU
Optimizing NNI: done in 0.772395 secs using 99.57% CPU
Optimizing NNI: done in 0.67891 secs using 99.52% CPU
Optimizing NNI: done in 0.882077 secs using 99.53% CPU
Optimizing NNI: done in 0.876562 secs using 99.73% CPU
Iteration 160 / LogL: -52035.596 / Time: 0h:3m:0s (0h:1m:35s left)
Optimizing NNI: done in 0.722483 secs using 99.72% CPU
Optimizing NNI: done in 0.733465 secs using 99.71% CPU
Optimizing NNI: done in 0.625403 secs using 99.77% CPU
Optimizing NNI: done in 0.688976 secs using 99.81% CPU
Optimizing NNI: done in 0.62067 secs using 99.69% CPU
Optimizing NNI: done in 0.678718 secs using 99.51% CPU
Optimizing NNI: done in 0.772762 secs using 99.11% CPU
Optimizing NNI: done in 0.751319 secs using 99.65% CPU
Optimizing NNI: done in 0.742899 secs using 99.61% CPU
Optimizing NNI: done in 0.788524 secs using 99.55% CPU
Iteration 170 / LogL: -52049.856 / Time: 0h:3m:7s (0h:1m:22s left)
Optimizing NNI: done in 0.710037 secs using 99.58% CPU
Optimizing NNI: done in 0.827676 secs using 99.59% CPU
Estimate model parameters (epsilon = 0.100)
BETTER TREE FOUND at iteration 172: -52020.107
Optimizing NNI: done in 0.608849 secs using 99.64% CPU
Optimizing NNI: done in 0.805883 secs using 99.58% CPU
Optimizing NNI: done in 0.634335 secs using 99.55% CPU
Optimizing NNI: done in 0.724019 secs using 99.59% CPU
Optimizing NNI: done in 0.604062 secs using 99.77% CPU
Optimizing NNI: done in 0.708107 secs using 99.79% CPU
Optimizing NNI: done in 0.753166 secs using 99.74% CPU
Optimizing NNI: done in 0.628144 secs using 99.77% CPU
Iteration 180 / LogL: -52135.258 / Time: 0h:3m:14s (0h:1m:40s left)
Optimizing NNI: done in 0.705943 secs using 99.77% CPU
Optimizing NNI: done in 0.726561 secs using 99.81% CPU
Optimizing NNI: done in 0.649476 secs using 99.81% CPU
Optimizing NNI: done in 0.696679 secs using 99.75% CPU
Optimizing NNI: done in 0.695926 secs using 99.78% CPU
Optimizing NNI: done in 0.721717 secs using 99.79% CPU
Optimizing NNI: done in 0.649453 secs using 99.75% CPU
Optimizing NNI: done in 0.733036 secs using 99.73% CPU
Optimizing NNI: done in 0.693267 secs using 99.54% CPU
Optimizing NNI: done in 0.652218 secs using 99.77% CPU
Iteration 190 / LogL: -52027.386 / Time: 0h:3m:22s (0h:1m:27s left)
Optimizing NNI: done in 0.720738 secs using 99.76% CPU
Optimizing NNI: done in 0.652244 secs using 99.75% CPU
Optimizing NNI: done in 0.813144 secs using 99.75% CPU
Optimizing NNI: done in 0.749021 secs using 99.8% CPU
Estimate model parameters (epsilon = 0.100)
BETTER TREE FOUND at iteration 194: -52019.286
Optimizing NNI: done in 0.787587 secs using 99.84% CPU
Optimizing NNI: done in 0.70131 secs using 99.73% CPU
Optimizing NNI: done in 0.692228 secs using 99.75% CPU
Optimizing NNI: done in 0.755415 secs using 99.81% CPU
Optimizing NNI: done in 0.746064 secs using 99.79% CPU
Optimizing NNI: done in 0.739891 secs using 99.8% CPU
Iteration 200 / LogL: -52028.812 / Time: 0h:3m:29s (0h:1m:39s left)
Log-likelihood cutoff on original alignment: -52147.956
NOTE: Bootstrap correlation coefficient of split occurrence frequencies: 0.963
NOTE: UFBoot does not converge, continue at least 100 more iterations
Optimizing NNI: done in 0.677728 secs using 99.78% CPU
Optimizing NNI: done in 0.708654 secs using 99.78% CPU
Optimizing NNI: done in 0.656211 secs using 99.72% CPU
Optimizing NNI: done in 0.847554 secs using 99.78% CPU
Optimizing NNI: done in 0.806547 secs using 99.74% CPU
Optimizing NNI: done in 0.661301 secs using 99.76% CPU
Optimizing NNI: done in 0.714559 secs using 99.79% CPU
Optimizing NNI: done in 0.651605 secs using 99.82% CPU
Optimizing NNI: done in 0.658304 secs using 99.56% CPU
Optimizing NNI: done in 0.696557 secs using 99.46% CPU
Iteration 210 / LogL: -52036.230 / Time: 0h:3m:37s (0h:1m:33s left)
Optimizing NNI: done in 0.75552 secs using 98.66% CPU
Optimizing NNI: done in 0.644162 secs using 99.38% CPU
Optimizing NNI: done in 0.757397 secs using 99.56% CPU
Estimate model parameters (epsilon = 0.100)
BETTER TREE FOUND at iteration 213: -52016.345
Optimizing NNI: done in 0.72248 secs using 99.65% CPU
Optimizing NNI: done in 0.734723 secs using 98.81% CPU
Optimizing NNI: done in 0.79848 secs using 99.12% CPU
Optimizing NNI: done in 0.751576 secs using 99.01% CPU
Estimate model parameters (epsilon = 0.100)
BETTER TREE FOUND at iteration 217: -52012.461
Optimizing NNI: done in 0.58518 secs using 99.63% CPU
Optimizing NNI: done in 0.64775 secs using 99.59% CPU
Optimizing NNI: done in 0.75362 secs using 99.55% CPU
Iteration 220 / LogL: -52068.311 / Time: 0h:3m:45s (0h:1m:39s left)
Optimizing NNI: done in 0.760048 secs using 99.61% CPU
Optimizing NNI: done in 0.805559 secs using 99.65% CPU
Optimizing NNI: done in 0.750937 secs using 99.59% CPU
Optimizing NNI: done in 0.759128 secs using 99.59% CPU
Optimizing NNI: done in 0.683975 secs using 99.5% CPU
Optimizing NNI: done in 0.766167 secs using 99.46% CPU
Optimizing NNI: done in 0.682839 secs using 99.55% CPU
Optimizing NNI: done in 0.711258 secs using 99.5% CPU
Optimizing NNI: done in 0.749988 secs using 99.6% CPU
Optimizing NNI: done in 0.646071 secs using 99.74% CPU
Iteration 230 / LogL: -52018.852 / Time: 0h:3m:53s (0h:1m:28s left)
Optimizing NNI: done in 0.676871 secs using 99.75% CPU
Optimizing NNI: done in 0.737388 secs using 99.57% CPU
Optimizing NNI: done in 0.708582 secs using 99.7% CPU
Optimizing NNI: done in 0.701017 secs using 99.8% CPU
Optimizing NNI: done in 0.733637 secs using 99.77% CPU
Optimizing NNI: done in 0.647027 secs using 99.6% CPU
Optimizing NNI: done in 0.73323 secs using 99.86% CPU
Optimizing NNI: done in 0.778372 secs using 99.82% CPU
Optimizing NNI: done in 0.698634 secs using 99.85% CPU
Optimizing NNI: done in 0.628139 secs using 99.87% CPU
Iteration 240 / LogL: -52017.025 / Time: 0h:4m:0s (0h:1m:17s left)
Optimizing NNI: done in 0.776477 secs using 99.81% CPU
Optimizing NNI: done in 0.753382 secs using 99.85% CPU
Optimizing NNI: done in 0.665636 secs using 99.85% CPU
Optimizing NNI: done in 0.599241 secs using 99.85% CPU
Optimizing NNI: done in 0.708712 secs using 99.8% CPU
Optimizing NNI: done in 0.743613 secs using 99.82% CPU
Optimizing NNI: done in 0.7118 secs using 98.94% CPU
Optimizing NNI: done in 0.732198 secs using 99.82% CPU
Optimizing NNI: done in 0.740673 secs using 99.83% CPU
Optimizing NNI: done in 0.78748 secs using 99.76% CPU
Iteration 250 / LogL: -52012.509 / Time: 0h:4m:7s (0h:1m:6s left)
Log-likelihood cutoff on original alignment: -52147.956
Optimizing NNI: done in 0.794267 secs using 99.79% CPU
Optimizing NNI: done in 0.74643 secs using 99.84% CPU
Optimizing NNI: done in 0.698522 secs using 99.86% CPU
Optimizing NNI: done in 0.804355 secs using 99.78% CPU
Optimizing NNI: done in 0.603046 secs using 99.81% CPU
Optimizing NNI: done in 0.778022 secs using 99.85% CPU
Estimate model parameters (epsilon = 0.100)
BETTER TREE FOUND at iteration 256: -52006.100
Optimizing NNI: done in 0.70093 secs using 99.8% CPU
Optimizing NNI: done in 0.655979 secs using 99.79% CPU
Optimizing NNI: done in 0.716017 secs using 99.82% CPU
Optimizing NNI: done in 0.791744 secs using 99.72% CPU
Iteration 260 / LogL: -52016.243 / Time: 0h:4m:16s (0h:1m:34s left)
Optimizing NNI: done in 0.828806 secs using 99.51% CPU
Optimizing NNI: done in 0.899848 secs using 99.49% CPU
Optimizing NNI: done in 0.7372 secs using 99.24% CPU
Optimizing NNI: done in 0.622939 secs using 99.35% CPU
Optimizing NNI: done in 0.719586 secs using 99.39% CPU
Optimizing NNI: done in 0.870886 secs using 99.56% CPU
Optimizing NNI: done in 0.628085 secs using 99.4% CPU
Optimizing NNI: done in 0.648434 secs using 99.72% CPU
Optimizing NNI: done in 0.731644 secs using 99.8% CPU
Optimizing NNI: done in 0.803186 secs using 99.86% CPU
Iteration 270 / LogL: -52029.293 / Time: 0h:4m:24s (0h:1m:24s left)
Optimizing NNI: done in 0.725191 secs using 99.83% CPU
Optimizing NNI: done in 0.737023 secs using 99.85% CPU
Optimizing NNI: done in 0.650677 secs using 99.83% CPU
Optimizing NNI: done in 0.69775 secs using 99.85% CPU
Optimizing NNI: done in 0.751043 secs using 99.85% CPU
Optimizing NNI: done in 0.762277 secs using 99.83% CPU
Optimizing NNI: done in 0.7461 secs using 99.86% CPU
Optimizing NNI: done in 0.714369 secs using 99.83% CPU
Optimizing NNI: done in 0.704063 secs using 99.85% CPU
Optimizing NNI: done in 0.741788 secs using 99.82% CPU
Iteration 280 / LogL: -52032.157 / Time: 0h:4m:31s (0h:1m:13s left)
Optimizing NNI: done in 0.821958 secs using 99.84% CPU
Optimizing NNI: done in 0.821976 secs using 99.85% CPU
Optimizing NNI: done in 0.710338 secs using 99.85% CPU
Optimizing NNI: done in 0.694169 secs using 99.86% CPU
Optimizing NNI: done in 0.703288 secs using 99.86% CPU
Optimizing NNI: done in 0.632054 secs using 99.87% CPU
Optimizing NNI: done in 0.628665 secs using 99.85% CPU
Optimizing NNI: done in 0.727218 secs using 99.85% CPU
Optimizing NNI: done in 0.588541 secs using 99.79% CPU
Optimizing NNI: done in 0.830763 secs using 99.82% CPU
Iteration 290 / LogL: -52028.616 / Time: 0h:4m:39s (0h:1m:3s left)
Optimizing NNI: done in 0.595567 secs using 99.86% CPU
Optimizing NNI: done in 0.756042 secs using 99.87% CPU
Optimizing NNI: done in 0.672788 secs using 99.85% CPU
Optimizing NNI: done in 0.669218 secs using 99.8% CPU
Optimizing NNI: done in 0.735397 secs using 99.83% CPU
Optimizing NNI: done in 0.602777 secs using 99.82% CPU
Optimizing NNI: done in 0.686562 secs using 99.85% CPU
Optimizing NNI: done in 0.669214 secs using 99.8% CPU
Optimizing NNI: done in 0.787573 secs using 99.86% CPU
Optimizing NNI: done in 0.808851 secs using 99.82% CPU
Iteration 300 / LogL: -52027.316 / Time: 0h:4m:46s (0h:0m:53s left)
Log-likelihood cutoff on original alignment: -52147.956
NOTE: Bootstrap correlation coefficient of split occurrence frequencies: 0.977
NOTE: UFBoot does not converge, continue at least 100 more iterations
Optimizing NNI: done in 0.643975 secs using 99.9% CPU
Optimizing NNI: done in 0.724791 secs using 99.82% CPU
Optimizing NNI: done in 0.768226 secs using 99.85% CPU
Optimizing NNI: done in 0.774937 secs using 99.87% CPU
Optimizing NNI: done in 0.761943 secs using 99.37% CPU
Optimizing NNI: done in 0.715759 secs using 99.6% CPU
Optimizing NNI: done in 0.829211 secs using 99.49% CPU
Optimizing NNI: done in 0.768219 secs using 99.62% CPU
Optimizing NNI: done in 0.720731 secs using 99.57% CPU
Optimizing NNI: done in 0.632372 secs using 99.53% CPU
Iteration 310 / LogL: -52017.320 / Time: 0h:4m:54s (0h:1m:25s left)
Optimizing NNI: done in 0.784602 secs using 99.54% CPU
Optimizing NNI: done in 0.651658 secs using 99.56% CPU
Optimizing NNI: done in 0.659924 secs using 99.61% CPU
Optimizing NNI: done in 0.646251 secs using 99.42% CPU
Optimizing NNI: done in 0.750461 secs using 99.6% CPU
Optimizing NNI: done in 0.722085 secs using 99.82% CPU
Optimizing NNI: done in 0.843355 secs using 99.83% CPU
Optimizing NNI: done in 0.723843 secs using 99.81% CPU
Optimizing NNI: done in 0.691709 secs using 99.73% CPU
Optimizing NNI: done in 0.659377 secs using 99.82% CPU
Iteration 320 / LogL: -52036.815 / Time: 0h:5m:2s (0h:1m:15s left)
Optimizing NNI: done in 0.735922 secs using 99.84% CPU
Optimizing NNI: done in 0.759298 secs using 99.86% CPU
Optimizing NNI: done in 0.752344 secs using 99.83% CPU
Optimizing NNI: done in 0.784364 secs using 99.22% CPU
Optimizing NNI: done in 0.759203 secs using 99.85% CPU
Optimizing NNI: done in 0.766679 secs using 99.76% CPU
Optimizing NNI: done in 0.57772 secs using 99.82% CPU
Optimizing NNI: done in 0.681603 secs using 99.74% CPU
Optimizing NNI: done in 0.707559 secs using 99.81% CPU
Optimizing NNI: done in 0.689441 secs using 99.83% CPU
Iteration 330 / LogL: -52023.374 / Time: 0h:5m:9s (0h:1m:5s left)
Optimizing NNI: done in 0.701638 secs using 99.85% CPU
Optimizing NNI: done in 0.677407 secs using 99.84% CPU
Optimizing NNI: done in 0.829107 secs using 99.79% CPU
Optimizing NNI: done in 0.738792 secs using 99.85% CPU
Optimizing NNI: done in 0.62003 secs using 99.84% CPU
Optimizing NNI: done in 0.707092 secs using 99.85% CPU
Optimizing NNI: done in 0.680519 secs using 99.85% CPU
Optimizing NNI: done in 0.701141 secs using 99.85% CPU
Optimizing NNI: done in 0.740846 secs using 99.84% CPU
Optimizing NNI: done in 1.03889 secs using 99.83% CPU
Iteration 340 / LogL: -52016.254 / Time: 0h:5m:17s (0h:0m:56s left)
Optimizing NNI: done in 0.842214 secs using 99.82% CPU
Optimizing NNI: done in 0.751014 secs using 99.84% CPU
Optimizing NNI: done in 0.821507 secs using 99.83% CPU
Optimizing NNI: done in 0.680866 secs using 99.86% CPU
Optimizing NNI: done in 0.632876 secs using 99.85% CPU
Optimizing NNI: done in 0.740321 secs using 99.82% CPU
Optimizing NNI: done in 0.846926 secs using 99.84% CPU
Optimizing NNI: done in 0.673897 secs using 99.86% CPU
Optimizing NNI: done in 0.648563 secs using 99.84% CPU
Optimizing NNI: done in 0.746983 secs using 99.85% CPU
Iteration 350 / LogL: -52046.976 / Time: 0h:5m:25s (0h:0m:46s left)
Log-likelihood cutoff on original alignment: -52147.956
Optimizing NNI: done in 0.764563 secs using 99.83% CPU
Optimizing NNI: done in 0.580905 secs using 99.82% CPU
Optimizing NNI: done in 0.668737 secs using 99.86% CPU
Optimizing NNI: done in 0.673116 secs using 99.86% CPU
Optimizing NNI: done in 0.768093 secs using 99.86% CPU
Optimizing NNI: done in 0.821528 secs using 99.84% CPU
Optimizing NNI: done in 0.734188 secs using 99.85% CPU
Optimizing NNI: done in 0.763264 secs using 99.8% CPU
Optimizing NNI: done in 0.752179 secs using 99.86% CPU
Optimizing NNI: done in 0.794682 secs using 99.84% CPU
Iteration 360 / LogL: -52021.384 / Time: 0h:5m:33s (0h:0m:37s left)
Optimizing NNI: done in 0.759776 secs using 99.87% CPU
Optimizing NNI: done in 0.856528 secs using 99.85% CPU
Optimizing NNI: done in 0.714073 secs using 99.86% CPU
Optimizing NNI: done in 0.759382 secs using 99.81% CPU
Optimizing NNI: done in 0.790345 secs using 99.84% CPU
Optimizing NNI: done in 0.701415 secs using 99.78% CPU
Optimizing NNI: done in 0.774 secs using 99.84% CPU
Optimizing NNI: done in 0.639326 secs using 99.87% CPU
Optimizing NNI: done in 0.745606 secs using 99.85% CPU
Optimizing NNI: done in 0.75604 secs using 99.71% CPU
Iteration 370 / LogL: -52030.120 / Time: 0h:5m:41s (0h:0m:27s left)
Optimizing NNI: done in 0.772125 secs using 99.84% CPU
Optimizing NNI: done in 0.777463 secs using 99.82% CPU
Optimizing NNI: done in 0.738556 secs using 99.86% CPU
Optimizing NNI: done in 0.791144 secs using 99.83% CPU
Optimizing NNI: done in 0.711687 secs using 99.86% CPU
Optimizing NNI: done in 0.770968 secs using 99.86% CPU
Optimizing NNI: done in 0.866032 secs using 99.82% CPU
Optimizing NNI: done in 0.711606 secs using 99.84% CPU
Optimizing NNI: done in 0.784116 secs using 99.85% CPU
Optimizing NNI: done in 0.778492 secs using 99.82% CPU
Iteration 380 / LogL: -52031.958 / Time: 0h:5m:49s (0h:0m:18s left)
Optimizing NNI: done in 0.718615 secs using 99.85% CPU
Optimizing NNI: done in 0.711115 secs using 99.85% CPU
Optimizing NNI: done in 0.703795 secs using 99.87% CPU
Optimizing NNI: done in 0.807412 secs using 99.85% CPU
Optimizing NNI: done in 0.854302 secs using 99.84% CPU
Optimizing NNI: done in 0.832928 secs using 99.87% CPU
Optimizing NNI: done in 0.899996 secs using 99.85% CPU
Optimizing NNI: done in 0.708612 secs using 99.85% CPU
Optimizing NNI: done in 0.82503 secs using 99.83% CPU
Optimizing NNI: done in 0.720576 secs using 99.88% CPU
Iteration 390 / LogL: -52026.108 / Time: 0h:5m:58s (0h:0m:9s left)
Optimizing NNI: done in 0.660825 secs using 99.98% CPU
Optimizing NNI: done in 0.680598 secs using 99.98% CPU
Optimizing NNI: done in 0.753407 secs using 99.97% CPU
Optimizing NNI: done in 0.736415 secs using 99.91% CPU
Optimizing NNI: done in 0.854944 secs using 99.97% CPU
Optimizing NNI: done in 0.75352 secs using 99.98% CPU
Optimizing NNI: done in 0.699359 secs using 99.93% CPU
Optimizing NNI: done in 0.644579 secs using 99.9% CPU
Optimizing NNI: done in 0.637534 secs using 99.9% CPU
Optimizing NNI: done in 0.716188 secs using 99.85% CPU
Iteration 400 / LogL: -52030.133 / Time: 0h:6m:5s (0h:0m:0s left)
Log-likelihood cutoff on original alignment: -52147.956
NOTE: Bootstrap correlation coefficient of split occurrence frequencies: 0.976
NOTE: UFBoot does not converge, continue at least 100 more iterations
Optimizing NNI: done in 0.755844 secs using 99.94% CPU
Optimizing NNI: done in 0.747941 secs using 99.93% CPU
Optimizing NNI: done in 0.73231 secs using 99.94% CPU
Optimizing NNI: done in 0.759804 secs using 99.96% CPU
Optimizing NNI: done in 0.689865 secs using 99.97% CPU
Optimizing NNI: done in 0.644333 secs using 99.92% CPU
Optimizing NNI: done in 0.749939 secs using 99.96% CPU
Optimizing NNI: done in 0.719155 secs using 99.98% CPU
Optimizing NNI: done in 0.632526 secs using 99.97% CPU
Optimizing NNI: done in 0.81875 secs using 99.98% CPU
Iteration 410 / LogL: -52016.128 / Time: 0h:6m:14s (0h:1m:22s left)
Optimizing NNI: done in 0.673831 secs using 99.97% CPU
Optimizing NNI: done in 0.733325 secs using 99.97% CPU
Optimizing NNI: done in 0.701055 secs using 99.97% CPU
Optimizing NNI: done in 0.716092 secs using 99.97% CPU
Optimizing NNI: done in 0.910309 secs using 99.98% CPU
Optimizing NNI: done in 0.730772 secs using 99.93% CPU
Optimizing NNI: done in 0.831925 secs using 99.78% CPU
Optimizing NNI: done in 0.654803 secs using 99.96% CPU
Optimizing NNI: done in 0.667539 secs using 99.98% CPU
Optimizing NNI: done in 0.703486 secs using 99.98% CPU
Iteration 420 / LogL: -52023.286 / Time: 0h:6m:21s (0h:1m:12s left)
Optimizing NNI: done in 0.715774 secs using 99.98% CPU
Optimizing NNI: done in 0.722395 secs using 99.97% CPU
Optimizing NNI: done in 0.649484 secs using 99.97% CPU
Optimizing NNI: done in 0.79451 secs using 99.97% CPU
Optimizing NNI: done in 0.673042 secs using 99.98% CPU
Optimizing NNI: done in 0.818816 secs using 99.97% CPU
Optimizing NNI: done in 0.67787 secs using 99.98% CPU
Optimizing NNI: done in 0.74962 secs using 99.98% CPU
Optimizing NNI: done in 0.692402 secs using 99.94% CPU
Optimizing NNI: done in 0.723158 secs using 99.96% CPU
Iteration 430 / LogL: -52032.748 / Time: 0h:6m:29s (0h:1m:3s left)
Optimizing NNI: done in 0.702768 secs using 99.95% CPU
Optimizing NNI: done in 0.821282 secs using 99.92% CPU
Optimizing NNI: done in 0.65413 secs using 99.96% CPU
Optimizing NNI: done in 0.657117 secs using 99.98% CPU
Optimizing NNI: done in 0.81095 secs using 99.97% CPU
Optimizing NNI: done in 0.742536 secs using 99.98% CPU
Optimizing NNI: done in 0.762749 secs using 99.98% CPU
Optimizing NNI: done in 0.737156 secs using 99.98% CPU
Optimizing NNI: done in 0.691643 secs using 99.97% CPU
Optimizing NNI: done in 0.664228 secs using 99.97% CPU
Iteration 440 / LogL: -52012.399 / Time: 0h:6m:37s (0h:0m:54s left)
Optimizing NNI: done in 0.614355 secs using 99.98% CPU
Optimizing NNI: done in 0.807803 secs using 99.97% CPU
Optimizing NNI: done in 0.712273 secs using 99.98% CPU
Optimizing NNI: done in 0.734213 secs using 99.98% CPU
Optimizing NNI: done in 0.840181 secs using 99.98% CPU
Optimizing NNI: done in 0.737416 secs using 99.98% CPU
Optimizing NNI: done in 0.744375 secs using 99.98% CPU
Optimizing NNI: done in 0.748917 secs using 99.98% CPU
Optimizing NNI: done in 0.663915 secs using 99.98% CPU
Optimizing NNI: done in 0.64063 secs using 99.97% CPU
Iteration 450 / LogL: -52028.958 / Time: 0h:6m:45s (0h:0m:45s left)
Log-likelihood cutoff on original alignment: -52147.956
Optimizing NNI: done in 0.840157 secs using 99.98% CPU
Optimizing NNI: done in 0.623031 secs using 99.98% CPU
Optimizing NNI: done in 0.735115 secs using 99.97% CPU
Optimizing NNI: done in 0.686738 secs using 99.98% CPU
Optimizing NNI: done in 0.636414 secs using 99.98% CPU
Optimizing NNI: done in 0.72963 secs using 99.97% CPU
Optimizing NNI: done in 0.673121 secs using 99.98% CPU
Optimizing NNI: done in 0.685443 secs using 99.97% CPU
Optimizing NNI: done in 0.739036 secs using 99.98% CPU
Optimizing NNI: done in 0.788817 secs using 99.97% CPU
Iteration 460 / LogL: -52009.713 / Time: 0h:6m:53s (0h:0m:36s left)
Optimizing NNI: done in 0.575825 secs using 99.98% CPU
Optimizing NNI: done in 0.786324 secs using 99.98% CPU
Optimizing NNI: done in 0.668283 secs using 99.97% CPU
Optimizing NNI: done in 0.76529 secs using 99.98% CPU
Optimizing NNI: done in 0.574046 secs using 99.97% CPU
Optimizing NNI: done in 0.67458 secs using 99.97% CPU
Optimizing NNI: done in 0.732438 secs using 99.97% CPU
Optimizing NNI: done in 0.691634 secs using 99.97% CPU
Estimate model parameters (epsilon = 0.100)
BETTER TREE FOUND at iteration 468: -52005.524
Optimizing NNI: done in 0.734162 secs using 99.97% CPU
Optimizing NNI: done in 0.594669 secs using 99.97% CPU
Iteration 470 / LogL: -52047.748 / Time: 0h:7m:0s (0h:1m:27s left)
Optimizing NNI: done in 0.712301 secs using 99.92% CPU
Optimizing NNI: done in 0.704968 secs using 99.97% CPU
Optimizing NNI: done in 0.599899 secs using 99.98% CPU
Optimizing NNI: done in 0.951455 secs using 99.95% CPU
Optimizing NNI: done in 0.706351 secs using 99.93% CPU
Optimizing NNI: done in 0.721562 secs using 99.95% CPU
Optimizing NNI: done in 0.671998 secs using 99.97% CPU
Optimizing NNI: done in 0.764308 secs using 99.98% CPU
Optimizing NNI: done in 0.784468 secs using 99.95% CPU
Optimizing NNI: done in 0.748552 secs using 99.98% CPU
Iteration 480 / LogL: -52013.884 / Time: 0h:7m:8s (0h:1m:18s left)
Optimizing NNI: done in 0.708111 secs using 99.98% CPU
Optimizing NNI: done in 0.707963 secs using 99.98% CPU
Optimizing NNI: done in 0.822282 secs using 99.98% CPU
Optimizing NNI: done in 0.708935 secs using 99.98% CPU
Optimizing NNI: done in 0.779051 secs using 99.98% CPU
Optimizing NNI: done in 0.739011 secs using 99.91% CPU
Optimizing NNI: done in 0.737932 secs using 99.93% CPU
Optimizing NNI: done in 0.736014 secs using 99.97% CPU
Optimizing NNI: done in 0.732362 secs using 99.97% CPU
Optimizing NNI: done in 0.762322 secs using 99.97% CPU
Iteration 490 / LogL: -52020.669 / Time: 0h:7m:16s (0h:1m:9s left)
Optimizing NNI: done in 0.697511 secs using 99.92% CPU
Optimizing NNI: done in 0.759083 secs using 99.98% CPU
Optimizing NNI: done in 0.58537 secs using 99.97% CPU
Optimizing NNI: done in 0.723969 secs using 99.98% CPU
Optimizing NNI: done in 0.663737 secs using 99.98% CPU
Optimizing NNI: done in 0.5817 secs using 99.98% CPU
Optimizing NNI: done in 0.685576 secs using 99.98% CPU
Optimizing NNI: done in 0.727187 secs using 99.98% CPU
Optimizing NNI: done in 0.676252 secs using 99.98% CPU
Optimizing NNI: done in 0.638312 secs using 99.98% CPU
Iteration 500 / LogL: -52012.866 / Time: 0h:7m:24s (0h:1m:0s left)
Log-likelihood cutoff on original alignment: -52147.956
NOTE: Bootstrap correlation coefficient of split occurrence frequencies: 0.989
NOTE: UFBoot does not converge, continue at least 100 more iterations
Optimizing NNI: done in 0.745827 secs using 99.97% CPU
Optimizing NNI: done in 0.758751 secs using 99.98% CPU
Optimizing NNI: done in 0.787093 secs using 99.98% CPU
Optimizing NNI: done in 0.65942 secs using 99.98% CPU
Optimizing NNI: done in 0.686326 secs using 99.98% CPU
Optimizing NNI: done in 0.741037 secs using 99.94% CPU
Optimizing NNI: done in 0.715211 secs using 99.97% CPU
Optimizing NNI: done in 0.759453 secs using 99.97% CPU
Optimizing NNI: done in 0.657518 secs using 99.98% CPU
Optimizing NNI: done in 0.758004 secs using 99.98% CPU
Iteration 510 / LogL: -52021.649 / Time: 0h:7m:32s (0h:1m:19s left)
Optimizing NNI: done in 0.68609 secs using 99.97% CPU
Optimizing NNI: done in 0.7674 secs using 99.98% CPU
Optimizing NNI: done in 0.776268 secs using 99.98% CPU
Optimizing NNI: done in 0.728048 secs using 99.97% CPU
Optimizing NNI: done in 0.710035 secs using 99.98% CPU
Optimizing NNI: done in 0.736224 secs using 99.98% CPU
Optimizing NNI: done in 0.584873 secs using 99.9% CPU
Optimizing NNI: done in 0.695598 secs using 99.73% CPU
Optimizing NNI: done in 0.688064 secs using 99.86% CPU
Optimizing NNI: done in 0.784565 secs using 99.84% CPU
Iteration 520 / LogL: -52014.191 / Time: 0h:7m:40s (0h:1m:10s left)
Optimizing NNI: done in 0.743538 secs using 99.84% CPU
Optimizing NNI: done in 0.825633 secs using 99.85% CPU
Optimizing NNI: done in 0.767054 secs using 99.84% CPU
Optimizing NNI: done in 0.731446 secs using 99.41% CPU
Optimizing NNI: done in 0.747967 secs using 99.84% CPU
Optimizing NNI: done in 0.699573 secs using 99.81% CPU
Optimizing NNI: done in 0.682369 secs using 99.82% CPU
Optimizing NNI: done in 0.782026 secs using 99.84% CPU
Optimizing NNI: done in 0.705486 secs using 99.81% CPU
Optimizing NNI: done in 0.656925 secs using 99.83% CPU
Iteration 530 / LogL: -52048.996 / Time: 0h:7m:48s (0h:1m:1s left)
Optimizing NNI: done in 0.834951 secs using 99.86% CPU
Optimizing NNI: done in 0.797699 secs using 99.84% CPU
Optimizing NNI: done in 0.799924 secs using 99.86% CPU
Optimizing NNI: done in 0.632586 secs using 99.77% CPU
Optimizing NNI: done in 0.664041 secs using 99.87% CPU
Optimizing NNI: done in 0.773751 secs using 99.84% CPU
Optimizing NNI: done in 0.68454 secs using 99.83% CPU
Optimizing NNI: done in 0.809127 secs using 99.86% CPU
Optimizing NNI: done in 0.806128 secs using 99.88% CPU
Optimizing NNI: done in 0.776622 secs using 99.87% CPU
Iteration 540 / LogL: -52015.355 / Time: 0h:7m:56s (0h:0m:53s left)
Optimizing NNI: done in 0.878214 secs using 99.83% CPU
Optimizing NNI: done in 0.630049 secs using 99.86% CPU
Optimizing NNI: done in 0.710233 secs using 99.84% CPU
Optimizing NNI: done in 0.811219 secs using 99.85% CPU
Optimizing NNI: done in 0.958921 secs using 99.84% CPU
Optimizing NNI: done in 0.759337 secs using 99.83% CPU
Optimizing NNI: done in 0.919391 secs using 99.85% CPU
Optimizing NNI: done in 0.774272 secs using 99.82% CPU
Optimizing NNI: done in 0.931021 secs using 99.83% CPU
Optimizing NNI: done in 0.7765 secs using 99.21% CPU
Iteration 550 / LogL: -52008.423 / Time: 0h:8m:5s (0h:0m:44s left)
Log-likelihood cutoff on original alignment: -52147.956
Optimizing NNI: done in 0.746569 secs using 99.84% CPU
Optimizing NNI: done in 0.787064 secs using 99.82% CPU
Optimizing NNI: done in 0.637494 secs using 99.85% CPU
Optimizing NNI: done in 0.654232 secs using 99.78% CPU
Optimizing NNI: done in 0.643163 secs using 99.7% CPU
Optimizing NNI: done in 0.578284 secs using 99.82% CPU
Optimizing NNI: done in 0.742028 secs using 99.83% CPU
Optimizing NNI: done in 0.835977 secs using 99.81% CPU
Optimizing NNI: done in 0.64785 secs using 99.82% CPU
Optimizing NNI: done in 0.733268 secs using 99.81% CPU
Iteration 560 / LogL: -52008.673 / Time: 0h:8m:13s (0h:0m:35s left)
Optimizing NNI: done in 0.719003 secs using 99.84% CPU
Optimizing NNI: done in 0.70849 secs using 99.7% CPU
Optimizing NNI: done in 0.689179 secs using 99.54% CPU
Optimizing NNI: done in 0.673264 secs using 99.57% CPU
Optimizing NNI: done in 0.79373 secs using 99.58% CPU
Optimizing NNI: done in 0.776819 secs using 99.56% CPU
Optimizing NNI: done in 0.753128 secs using 99.51% CPU
Optimizing NNI: done in 0.798287 secs using 99.55% CPU
Optimizing NNI: done in 0.778044 secs using 99.57% CPU
Optimizing NNI: done in 0.80228 secs using 99.51% CPU
Iteration 570 / LogL: -52025.296 / Time: 0h:8m:21s (0h:0m:26s left)
Optimizing NNI: done in 0.67459 secs using 99.4% CPU
Optimizing NNI: done in 0.742952 secs using 99.84% CPU
Optimizing NNI: done in 0.844906 secs using 99.78% CPU
Optimizing NNI: done in 0.656215 secs using 99.53% CPU
Optimizing NNI: done in 0.766 secs using 99.53% CPU
Optimizing NNI: done in 0.754218 secs using 99.5% CPU
Optimizing NNI: done in 0.612392 secs using 99.47% CPU
Optimizing NNI: done in 0.740374 secs using 99.53% CPU
Optimizing NNI: done in 0.656746 secs using 99.53% CPU
Optimizing NNI: done in 0.78472 secs using 99.57% CPU
Iteration 580 / LogL: -52017.786 / Time: 0h:8m:29s (0h:0m:17s left)
Optimizing NNI: done in 0.765659 secs using 99.63% CPU
Optimizing NNI: done in 0.755248 secs using 99.54% CPU
Optimizing NNI: done in 0.725006 secs using 99.58% CPU
Optimizing NNI: done in 0.690456 secs using 99.75% CPU
Optimizing NNI: done in 0.717142 secs using 99.59% CPU
Optimizing NNI: done in 0.78265 secs using 99.57% CPU
Optimizing NNI: done in 0.836676 secs using 99.76% CPU
Optimizing NNI: done in 0.800444 secs using 99.86% CPU
Optimizing NNI: done in 0.616008 secs using 99.84% CPU
Optimizing NNI: done in 0.738682 secs using 99.39% CPU
Iteration 590 / LogL: -52009.922 / Time: 0h:8m:37s (0h:0m:8s left)
Optimizing NNI: done in 0.754918 secs using 99.51% CPU
Optimizing NNI: done in 0.667766 secs using 99.5% CPU
Optimizing NNI: done in 0.725931 secs using 99.3% CPU
Optimizing NNI: done in 0.716865 secs using 99.23% CPU
Optimizing NNI: done in 0.687135 secs using 99.52% CPU
Optimizing NNI: done in 0.66337 secs using 99.63% CPU
Optimizing NNI: done in 0.766677 secs using 99.61% CPU
Optimizing NNI: done in 0.789143 secs using 99.49% CPU
Optimizing NNI: done in 0.707441 secs using 99.66% CPU
Optimizing NNI: done in 0.760872 secs using 99.51% CPU
Iteration 600 / LogL: -52016.616 / Time: 0h:8m:45s (0h:0m:0s left)
Log-likelihood cutoff on original alignment: -52147.956
NOTE: Bootstrap correlation coefficient of split occurrence frequencies: 0.994
TREE SEARCH COMPLETED AFTER 600 ITERATIONS / Time: 0h:8m:46s

--------------------------------------------------------------------
|                    FINALIZING TREE SEARCH                        |
--------------------------------------------------------------------
Performs final model parameters optimization
Estimate model parameters (epsilon = 0.010)
1. Initial log-likelihood: -52005.524
Optimal log-likelihood: -52005.517
Rate parameters:  A-C: 0.82974  A-G: 12.72971  A-T: 10.80322  C-G: 2.77160  C-T: 32.47026  G-T: 1.00000
Base frequencies:  A: 0.299  C: 0.153  G: 0.168  T: 0.380
Proportion of invariable sites: 0.424
Gamma shape alpha: 0.650
Parameters optimization took 1 rounds (0.115 sec)
BEST SCORE FOUND : -52005.517
Creating bootstrap support values...
Split supports printed to NEXUS file bin_rep_aln.fasta.splits.nex
Total tree length: 30.303

Total number of iterations: 600
CPU time used for tree search: 492.539 sec (0h:8m:12s)
Wall-clock time used for tree search: 493.875 sec (0h:8m:13s)
Total CPU time used: 525.690 sec (0h:8m:45s)
Total wall-clock time used: 526.900 sec (0h:8m:46s)

Computing bootstrap consensus tree...
Reading input file bin_rep_aln.fasta.splits.nex...
397 taxa and 3001 splits.
Consensus tree written to bin_rep_aln.fasta.contree
Reading input trees file bin_rep_aln.fasta.contree
Log-likelihood of consensus tree: -52009.228

Analysis results written to: 
  IQ-TREE report:                bin_rep_aln.fasta.iqtree
  Maximum-likelihood tree:       bin_rep_aln.fasta.treefile
  Likelihood distances:          bin_rep_aln.fasta.mldist

Ultrafast bootstrap approximation results written to:
  Split support values:          bin_rep_aln.fasta.splits.nex
  Consensus tree:                bin_rep_aln.fasta.contree
  Screen log file:               bin_rep_aln.fasta.log

Date and Time: Sat Nov 29 15:01:43 2025
